<?xml version="1.0" encoding="UTF-8" ?>
<testsuite tests="1" failures="1" name="test.java.AddToCartTest" time="92.267" errors="0" skipped="0">
  <properties>
[...]
</properties>
  <testcase classname="test.java.AddToCartTest" name="variationAddtoCart" time="92.267">
    <failure message="Element not found {.b-minicart-products}
Expected: visible" type="Element not found {.b-minicart-products}
Expected">Element not found {.b-minicart-products}
Expected: visible
Screenshot: file:/D:/eclipse-workspace/Test/build/reports/tests/1504640822270.0.png
Timeout: 4 s.
Caused by: NoSuchElementException: Unable to locate element: .b-minicart-products
	at com.codeborne.selenide.impl.WebElementSource.createElementNotFoundError(WebElementSource.java:31)
	at com.codeborne.selenide.impl.ElementFinder.createElementNotFoundError(ElementFinder.java:82)
	at com.codeborne.selenide.impl.WebElementSource.checkCondition(WebElementSource.java:59)
	at com.codeborne.selenide.commands.Should.should(Should.java:35)
	at com.codeborne.selenide.commands.Should.execute(Should.java:29)
	at com.codeborne.selenide.commands.Should.execute(Should.java:12)
	at com.codeborne.selenide.commands.Commands.execute(Commands.java:143)
	at com.codeborne.selenide.impl.SelenideElementProxy.dispatchAndRetry(SelenideElementProxy.java:87)
	at com.codeborne.selenide.impl.SelenideElementProxy.invoke(SelenideElementProxy.java:63)
	at com.sun.proxy.$Proxy4.shouldBe(Unknown Source)
	at main.pages.PDPage.addToCart(PDPage.java:35)
	at test.java.AddToCartTest.variationAddtoCart(AddToCartTest.java:18)
	at sun.reflect.NativeMethodAccessorImpl.invoke0(Native Method)
	at sun.reflect.NativeMethodAccessorImpl.invoke(NativeMethodAccessorImpl.java:62)
	at sun.reflect.DelegatingMethodAccessorImpl.invoke(DelegatingMethodAccessorImpl.java:43)
	at java.lang.reflect.Method.invoke(Method.java:498)
	at org.junit.runners.model.FrameworkMethod$1.runReflectiveCall(FrameworkMethod.java:50)
	at org.junit.internal.runners.model.ReflectiveCallable.run(ReflectiveCallable.java:12)
	at org.junit.runners.model.FrameworkMethod.invokeExplosively(FrameworkMethod.java:47)
	at org.junit.internal.runners.statements.InvokeMethod.evaluate(InvokeMethod.java:17)
	at org.junit.runners.ParentRunner.runLeaf(ParentRunner.java:325)
	at org.junit.runners.BlockJUnit4ClassRunner.runChild(BlockJUnit4ClassRunner.java:78)
	at org.junit.runners.BlockJUnit4ClassRunner.runChild(BlockJUnit4ClassRunner.java:57)
	at org.junit.runners.ParentRunner$3.run(ParentRunner.java:290)
	at org.junit.runners.ParentRunner$1.schedule(ParentRunner.java:71)
	at org.junit.runners.ParentRunner.runChildren(ParentRunner.java:288)
	at org.junit.runners.ParentRunner.access$000(ParentRunner.java:58)
	at org.junit.runners.ParentRunner$2.evaluate(ParentRunner.java:268)
	at org.junit.runners.ParentRunner.run(ParentRunner.java:363)
	at org.apache.maven.surefire.junit4.JUnit4Provider.execute(JUnit4Provider.java:252)
	at org.apache.maven.surefire.junit4.JUnit4Provider.executeTestSet(JUnit4Provider.java:141)
	at org.apache.maven.surefire.junit4.JUnit4Provider.invoke(JUnit4Provider.java:112)
	at sun.reflect.NativeMethodAccessorImpl.invoke0(Native Method)
	at sun.reflect.NativeMethodAccessorImpl.invoke(NativeMethodAccessorImpl.java:62)
	at sun.reflect.DelegatingMethodAccessorImpl.invoke(DelegatingMethodAccessorImpl.java:43)
	at java.lang.reflect.Method.invoke(Method.java:498)
	at org.apache.maven.surefire.util.ReflectionUtils.invokeMethodWithArray(ReflectionUtils.java:189)
	at org.apache.maven.surefire.booter.ProviderFactory$ProviderProxy.invoke(ProviderFactory.java:165)
	at org.apache.maven.surefire.booter.ProviderFactory.invokeProvider(ProviderFactory.java:85)
	at org.apache.maven.surefire.booter.ForkedBooter.runSuitesInProcess(ForkedBooter.java:115)
	at org.apache.maven.surefire.booter.ForkedBooter.main(ForkedBooter.java:75)
Caused by: org.openqa.selenium.NoSuchElementException: Unable to locate element: .b-minicart-products
For documentation on this error, please visit: http://seleniumhq.org/exceptions/no_such_element.html
Build info: version: &apos;3.4.0&apos;, revision: &apos;unknown&apos;, time: &apos;unknown&apos;
System info: host: &apos;OZHMURKO-NB&apos;, ip: &apos;192.168.183.1&apos;, os.name: &apos;Windows 10&apos;, os.arch: &apos;amd64&apos;, os.version: &apos;10.0&apos;, java.version: &apos;1.8.0_121&apos;
Driver info: org.openqa.selenium.firefox.FirefoxDriver
Capabilities [{moz:profile=C:\Users\O80E2~1.ZHM\AppData\Local\Temp\rust_mozprofile.yy9ptR9AxaMM, rotatable=false, timeouts={implicit=0.0, pageLoad=300000.0, script=30000.0}, pageLoadStrategy=normal, platform=ANY, specificationLevel=0.0, moz:accessibilityChecks=false, acceptInsecureCerts=false, browserVersion=55.0.3, platformVersion=10.0, moz:processID=13176.0, browserName=firefox, javascriptEnabled=true, platformName=windows_nt}]
Session ID: 86ff532e-121b-4c1c-8ffe-39f6873b4fca
*** Element info: {Using=css selector, value=.b-minicart-products}
	at sun.reflect.GeneratedConstructorAccessor8.newInstance(Unknown Source)
	at sun.reflect.DelegatingConstructorAccessorImpl.newInstance(DelegatingConstructorAccessorImpl.java:45)
	at java.lang.reflect.Constructor.newInstance(Constructor.java:423)
	at org.openqa.selenium.remote.http.W3CHttpResponseCodec.createException(W3CHttpResponseCodec.java:150)
	at org.openqa.selenium.remote.http.W3CHttpResponseCodec.decode(W3CHttpResponseCodec.java:115)
	at org.openqa.selenium.remote.http.W3CHttpResponseCodec.decode(W3CHttpResponseCodec.java:45)
	at org.openqa.selenium.remote.HttpCommandExecutor.execute(HttpCommandExecutor.java:164)
	at org.openqa.selenium.remote.service.DriverCommandExecutor.execute(DriverCommandExecutor.java:82)
	at org.openqa.selenium.remote.RemoteWebDriver.execute(RemoteWebDriver.java:637)
	at org.openqa.selenium.remote.RemoteWebDriver.findElement(RemoteWebDriver.java:410)
	at org.openqa.selenium.remote.RemoteWebDriver.findElementByCssSelector(RemoteWebDriver.java:501)
	at org.openqa.selenium.By$ByCssSelector.findElement(By.java:430)
	at org.openqa.selenium.remote.RemoteWebDriver.findElement(RemoteWebDriver.java:402)
	at com.codeborne.selenide.impl.WebElementSelector.findElement(WebElementSelector.java:28)
	at com.codeborne.selenide.impl.ElementFinder.getWebElement(ElementFinder.java:56)
	at com.codeborne.selenide.impl.WebElementSource.checkCondition(WebElementSource.java:44)
	... 38 more
</failure>
    <system-err>SLF4J: Failed to load class &quot;org.slf4j.impl.StaticLoggerBinder&quot;.
SLF4J: Defaulting to no-operation (NOP) logger implementation
SLF4J: See http://www.slf4j.org/codes.html#StaticLoggerBinder for further details.
1504640731157	geckodriver	INFO	geckodriver 0.18.0
1504640731163	geckodriver	INFO	Listening on 127.0.0.1:49110
1504640731902	geckodriver::marionette	INFO	Starting browser C:\Program Files (x86)\Mozilla Firefox\firefox.exe with args [&quot;-marionette&quot;]
1504640732230	addons.manager	DEBUG	Application has been upgraded
1504640732250	addons.manager	DEBUG	Loaded provider scope for resource://gre/modules/addons/XPIProvider.jsm: [&quot;XPIProvider&quot;, &quot;XPIInternal&quot;]
1504640732255	addons.manager	DEBUG	Loaded provider scope for resource://gre/modules/LightweightThemeManager.jsm: [&quot;LightweightThemeManager&quot;]
1504640732285	addons.manager	DEBUG	Loaded provider scope for resource://gre/modules/addons/GMPProvider.jsm
1504640732289	addons.manager	DEBUG	Loaded provider scope for resource://gre/modules/addons/PluginProvider.jsm
1504640732290	addons.manager	DEBUG	Starting provider: XPIProvider
1504640732290	addons.xpi	DEBUG	startup
1504640732290	addons.xpi	INFO	SystemAddonInstallLocation directory is missing
1504640732291	addons.xpi	INFO	Removing all system add-on upgrades.
1504640732292	addons.xpi	DEBUG	checkForChanges
1504640732293	addons.xpi	WARN	Error parsing extensions state: [Exception... &quot;Component returned failure code: 0x80520012 (NS_ERROR_FILE_NOT_FOUND) [amIAddonManagerStartup.readStartupData]&quot;  nsresult: &quot;0x80520012 (NS_ERROR_FILE_NOT_FOUND)&quot;  location: &quot;JS frame :: resource://gre/modules/addons/XPIProvider.jsm :: loadExtensionState :: line 1596&quot;  data: no] Stack trace: loadExtensionState()@resource://gre/modules/addons/XPIProvider.jsm:1596 &lt; getInstallState()@resource://gre/modules/addons/XPIProvider.jsm:1631 &lt; checkForChanges()@resource://gre/modules/addons/XPIProvider.jsm:3152 &lt; startup()@resource://gre/modules/addons/XPIProvider.jsm:2246 &lt; callProvider()@resource://gre/modules/AddonManager.jsm:271 &lt; _startProvider()@resource://gre/modules/AddonManager.jsm:741 &lt; startup()@resource://gre/modules/AddonManager.jsm:908 &lt; startup()@resource://gre/modules/AddonManager.jsm:3122 &lt; observe()@jar:file:///C:/Program%20Files%20(x86)/Mozilla%20Firefox/omni.ja!/components/addonManager.js:65
1504640732295	addons.xpi	DEBUG	Loaded add-on state: ${}
1504640732297	addons.xpi	INFO	Mapping aushelper@mozilla.org to C:\Program Files (x86)\Mozilla Firefox\browser\features\aushelper@mozilla.org.xpi
1504640732299	addons.xpi	INFO	Mapping clicktoplay-rollout@mozilla.org to C:\Program Files (x86)\Mozilla Firefox\browser\features\clicktoplay-rollout@mozilla.org.xpi
1504640732299	addons.xpi	INFO	Mapping e10srollout@mozilla.org to C:\Program Files (x86)\Mozilla Firefox\browser\features\e10srollout@mozilla.org.xpi
1504640732299	addons.xpi	INFO	Mapping firefox@getpocket.com to C:\Program Files (x86)\Mozilla Firefox\browser\features\firefox@getpocket.com.xpi
1504640732299	addons.xpi	INFO	Mapping followonsearch@mozilla.com to C:\Program Files (x86)\Mozilla Firefox\browser\features\followonsearch@mozilla.com.xpi
1504640732300	addons.xpi	INFO	Mapping screenshots@mozilla.org to C:\Program Files (x86)\Mozilla Firefox\browser\features\screenshots@mozilla.org.xpi
1504640732300	addons.xpi	INFO	Mapping shield-recipe-client@mozilla.org to C:\Program Files (x86)\Mozilla Firefox\browser\features\shield-recipe-client@mozilla.org.xpi
1504640732301	addons.xpi	INFO	Mapping webcompat@mozilla.org to C:\Program Files (x86)\Mozilla Firefox\browser\features\webcompat@mozilla.org.xpi
1504640732301	addons.xpi	DEBUG	New add-on aushelper@mozilla.org in app-system-defaults
1504640732302	addons.xpi	INFO	Mapping aushelper@mozilla.org to C:\Program Files (x86)\Mozilla Firefox\browser\features\aushelper@mozilla.org.xpi
1504640732303	addons.xpi	DEBUG	New add-on clicktoplay-rollout@mozilla.org in app-system-defaults
1504640732303	addons.xpi	INFO	Mapping clicktoplay-rollout@mozilla.org to C:\Program Files (x86)\Mozilla Firefox\browser\features\clicktoplay-rollout@mozilla.org.xpi
1504640732304	addons.xpi	DEBUG	New add-on e10srollout@mozilla.org in app-system-defaults
1504640732309	addons.xpi	INFO	Mapping e10srollout@mozilla.org to C:\Program Files (x86)\Mozilla Firefox\browser\features\e10srollout@mozilla.org.xpi
1504640732309	addons.xpi	DEBUG	New add-on firefox@getpocket.com in app-system-defaults
1504640732310	addons.xpi	INFO	Mapping firefox@getpocket.com to C:\Program Files (x86)\Mozilla Firefox\browser\features\firefox@getpocket.com.xpi
1504640732310	addons.xpi	DEBUG	New add-on followonsearch@mozilla.com in app-system-defaults
1504640732310	addons.xpi	INFO	Mapping followonsearch@mozilla.com to C:\Program Files (x86)\Mozilla Firefox\browser\features\followonsearch@mozilla.com.xpi
1504640732310	addons.xpi	DEBUG	New add-on screenshots@mozilla.org in app-system-defaults
1504640732311	addons.xpi	INFO	Mapping screenshots@mozilla.org to C:\Program Files (x86)\Mozilla Firefox\browser\features\screenshots@mozilla.org.xpi
1504640732311	addons.xpi	DEBUG	New add-on shield-recipe-client@mozilla.org in app-system-defaults
1504640732326	addons.xpi	INFO	Mapping shield-recipe-client@mozilla.org to C:\Program Files (x86)\Mozilla Firefox\browser\features\shield-recipe-client@mozilla.org.xpi
1504640732326	addons.xpi	DEBUG	New add-on webcompat@mozilla.org in app-system-defaults
1504640732326	addons.xpi	INFO	Mapping webcompat@mozilla.org to C:\Program Files (x86)\Mozilla Firefox\browser\features\webcompat@mozilla.org.xpi
1504640732327	addons.xpi	INFO	Mapping {972ce4c6-7e08-4474-a285-3208198ce6fd} to C:\Program Files (x86)\Mozilla Firefox\browser\extensions\{972ce4c6-7e08-4474-a285-3208198ce6fd}.xpi
1504640732327	addons.xpi	DEBUG	New add-on {972ce4c6-7e08-4474-a285-3208198ce6fd} in app-global
1504640732327	addons.xpi	INFO	Mapping {972ce4c6-7e08-4474-a285-3208198ce6fd} to C:\Program Files (x86)\Mozilla Firefox\browser\extensions\{972ce4c6-7e08-4474-a285-3208198ce6fd}.xpi
1504640732328	addons.xpi	DEBUG	getInstallState changed: true, state: {}
1504640732328	addons.xpi	INFO	SystemAddonInstallLocation directory is missing
1504640732342	addons.xpi-utils	DEBUG	Opening XPI database C:\Users\O80E2~1.ZHM\AppData\Local\Temp\rust_mozprofile.yy9ptR9AxaMM\extensions.json
1504640732344	addons.xpi-utils	DEBUG	New add-on aushelper@mozilla.org installed in app-system-defaults
*** Blocklist::_loadBlocklistFromFile: blocklist is disabled
1504640732384	DeferredSave.extensions.json	DEBUG	Save changes
1504640732386	addons.xpi-utils	DEBUG	New add-on clicktoplay-rollout@mozilla.org installed in app-system-defaults
1504640732389	DeferredSave.extensions.json	DEBUG	Starting timer
1504640732391	DeferredSave.extensions.json	DEBUG	Save changes
1504640732392	addons.xpi-utils	DEBUG	New add-on e10srollout@mozilla.org installed in app-system-defaults
1504640732398	DeferredSave.extensions.json	DEBUG	Save changes
1504640732399	addons.xpi-utils	DEBUG	New add-on firefox@getpocket.com installed in app-system-defaults
1504640732408	DeferredSave.extensions.json	DEBUG	Save changes
1504640732408	addons.xpi-utils	DEBUG	New add-on followonsearch@mozilla.com installed in app-system-defaults
1504640732412	DeferredSave.extensions.json	DEBUG	Save changes
1504640732413	addons.xpi-utils	DEBUG	New add-on screenshots@mozilla.org installed in app-system-defaults
1504640732424	DeferredSave.extensions.json	DEBUG	Save changes
1504640732425	addons.xpi-utils	DEBUG	New add-on shield-recipe-client@mozilla.org installed in app-system-defaults
1504640732429	DeferredSave.extensions.json	DEBUG	Save changes
1504640732429	addons.xpi-utils	DEBUG	New add-on webcompat@mozilla.org installed in app-system-defaults
1504640732432	DeferredSave.extensions.json	DEBUG	Save changes
1504640732432	addons.xpi-utils	DEBUG	New add-on {972ce4c6-7e08-4474-a285-3208198ce6fd} installed in app-global
1504640732437	DeferredSave.extensions.json	DEBUG	Save changes
1504640732438	addons.manager	DEBUG	Registering startup change &apos;installed&apos; for aushelper@mozilla.org
1504640732455	addons.xpi	DEBUG	Loading bootstrap scope from C:\Program Files (x86)\Mozilla Firefox\browser\features\aushelper@mozilla.org.xpi
1504640732460	addons.xpi	DEBUG	Calling bootstrap method install on aushelper@mozilla.org version 2.0
1504640732460	addons.xpi-utils	DEBUG	Make addon app-system-defaults:aushelper@mozilla.org visible
1504640732462	addons.xpi	DEBUG	Updating XPIState for {&quot;id&quot;:&quot;aushelper@mozilla.org&quot;,&quot;syncGUID&quot;:&quot;{5a05ba08-f79d-4277-b713-19523d12d1ea}&quot;,&quot;location&quot;:&quot;app-system-defaults&quot;,&quot;version&quot;:&quot;2.0&quot;,&quot;type&quot;:&quot;extension&quot;,&quot;internalName&quot;:null,&quot;updateURL&quot;:null,&quot;updateKey&quot;:null,&quot;optionsURL&quot;:null,&quot;optionsType&quot;:null,&quot;aboutURL&quot;:null,&quot;defaultLocale&quot;:{&quot;name&quot;:&quot;Application Update Service Helper&quot;,&quot;description&quot;:&quot;Sets value(s) in the update url based on custom checks.&quot;,&quot;creator&quot;:null,&quot;homepageURL&quot;:null},&quot;visible&quot;:true,&quot;active&quot;:false,&quot;userDisabled&quot;:false,&quot;appDisabled&quot;:false,&quot;installDate&quot;:1504284424001,&quot;updateDate&quot;:1504284424001,&quot;applyBackgroundUpdates&quot;:1,&quot;bootstrap&quot;:true,&quot;path&quot;:&quot;C:\\Program Files (x86)\\Mozilla Firefox\\browser\\features\\aushelper@mozilla.org.xpi&quot;,&quot;skinnable&quot;:false,&quot;size&quot;:8488,&quot;sourceURI&quot;:null,&quot;releaseNotesURI&quot;:null,&quot;softDisabled&quot;:false,&quot;foreignInstall&quot;:false,&quot;hasBinaryComponents&quot;:false,&quot;strictCompatibility&quot;:false,&quot;locales&quot;:[],&quot;targetApplications&quot;:[{&quot;id&quot;:&quot;{ec8030f7-c20a-464f-9b0e-13a3a9e97384}&quot;,&quot;minVersion&quot;:&quot;55.0.3&quot;,&quot;maxVersion&quot;:&quot;55.*&quot;}],&quot;targetPlatforms&quot;:[],&quot;multiprocessCompatible&quot;:true,&quot;seen&quot;:true,&quot;dependencies&quot;:[],&quot;hasEmbeddedWebExtension&quot;:false,&quot;mpcOptedOut&quot;:false,&quot;userPermissions&quot;:null,&quot;icons&quot;:{},&quot;iconURL&quot;:null,&quot;icon64URL&quot;:null}
1504640732469	DeferredSave.extensions.json	DEBUG	Save changes
1504640732469	addons.manager	DEBUG	Registering startup change &apos;installed&apos; for clicktoplay-rollout@mozilla.org
1504640732473	addons.xpi	DEBUG	Loading bootstrap scope from C:\Program Files (x86)\Mozilla Firefox\browser\features\clicktoplay-rollout@mozilla.org.xpi
1504640732486	addons.xpi	DEBUG	Calling bootstrap method install on clicktoplay-rollout@mozilla.org version 1.2
1504640732486	addons.xpi-utils	DEBUG	Make addon app-system-defaults:clicktoplay-rollout@mozilla.org visible
1504640732487	addons.xpi	DEBUG	Updating XPIState for {&quot;id&quot;:&quot;clicktoplay-rollout@mozilla.org&quot;,&quot;syncGUID&quot;:&quot;{5d7d04a2-bcd7-4de2-be5f-f89d90d9c554}&quot;,&quot;location&quot;:&quot;app-system-defaults&quot;,&quot;version&quot;:&quot;1.2&quot;,&quot;type&quot;:&quot;extension&quot;,&quot;internalName&quot;:null,&quot;updateURL&quot;:null,&quot;updateKey&quot;:null,&quot;optionsURL&quot;:null,&quot;optionsType&quot;:null,&quot;aboutURL&quot;:null,&quot;defaultLocale&quot;:{&quot;name&quot;:&quot;Click-to-Play staged rollout&quot;,&quot;description&quot;:&quot;Staged rollout for Click-to-Play Flash.&quot;,&quot;creator&quot;:null,&quot;homepageURL&quot;:null},&quot;visible&quot;:true,&quot;active&quot;:false,&quot;userDisabled&quot;:false,&quot;appDisabled&quot;:false,&quot;installDate&quot;:1504284424182,&quot;updateDate&quot;:1504284424182,&quot;applyBackgroundUpdates&quot;:1,&quot;bootstrap&quot;:true,&quot;path&quot;:&quot;C:\\Program Files (x86)\\Mozilla Firefox\\browser\\features\\clicktoplay-rollout@mozilla.org.xpi&quot;,&quot;skinnable&quot;:false,&quot;size&quot;:5621,&quot;sourceURI&quot;:null,&quot;releaseNotesURI&quot;:null,&quot;softDisabled&quot;:false,&quot;foreignInstall&quot;:false,&quot;hasBinaryComponents&quot;:false,&quot;strictCompatibility&quot;:false,&quot;locales&quot;:[],&quot;targetApplications&quot;:[{&quot;id&quot;:&quot;{ec8030f7-c20a-464f-9b0e-13a3a9e97384}&quot;,&quot;minVersion&quot;:&quot;55.0.3&quot;,&quot;maxVersion&quot;:&quot;55.*&quot;}],&quot;targetPlatforms&quot;:[],&quot;multiprocessCompatible&quot;:true,&quot;seen&quot;:true,&quot;dependencies&quot;:[],&quot;hasEmbeddedWebExtension&quot;:false,&quot;mpcOptedOut&quot;:false,&quot;userPermissions&quot;:null,&quot;icons&quot;:{},&quot;iconURL&quot;:null,&quot;icon64URL&quot;:null}
1504640732494	DeferredSave.extensions.json	DEBUG	Save changes
1504640732494	addons.manager	DEBUG	Registering startup change &apos;installed&apos; for e10srollout@mozilla.org
1504640732495	addons.xpi	DEBUG	Loading bootstrap scope from C:\Program Files (x86)\Mozilla Firefox\browser\features\e10srollout@mozilla.org.xpi
1504640732501	addons.xpi	DEBUG	Calling bootstrap method install on e10srollout@mozilla.org version 2.0
1504640732503	addons.xpi-utils	DEBUG	Make addon app-system-defaults:e10srollout@mozilla.org visible
1504640732503	addons.xpi	DEBUG	Updating XPIState for {&quot;id&quot;:&quot;e10srollout@mozilla.org&quot;,&quot;syncGUID&quot;:&quot;{e21a5a1d-5638-4c84-ae20-59226023ddb0}&quot;,&quot;location&quot;:&quot;app-system-defaults&quot;,&quot;version&quot;:&quot;2.0&quot;,&quot;type&quot;:&quot;extension&quot;,&quot;internalName&quot;:null,&quot;updateURL&quot;:null,&quot;updateKey&quot;:null,&quot;optionsURL&quot;:null,&quot;optionsType&quot;:null,&quot;aboutURL&quot;:null,&quot;defaultLocale&quot;:{&quot;name&quot;:&quot;Multi-process staged rollout&quot;,&quot;description&quot;:&quot;Staged rollout of Firefox multi-process feature.&quot;,&quot;creator&quot;:null,&quot;homepageURL&quot;:null},&quot;visible&quot;:true,&quot;active&quot;:false,&quot;userDisabled&quot;:false,&quot;appDisabled&quot;:false,&quot;installDate&quot;:1504284423992,&quot;updateDate&quot;:1504284423992,&quot;applyBackgroundUpdates&quot;:1,&quot;bootstrap&quot;:true,&quot;path&quot;:&quot;C:\\Program Files (x86)\\Mozilla Firefox\\browser\\features\\e10srollout@mozilla.org.xpi&quot;,&quot;skinnable&quot;:false,&quot;size&quot;:13287,&quot;sourceURI&quot;:null,&quot;releaseNotesURI&quot;:null,&quot;softDisabled&quot;:false,&quot;foreignInstall&quot;:false,&quot;hasBinaryComponents&quot;:false,&quot;strictCompatibility&quot;:false,&quot;locales&quot;:[],&quot;targetApplications&quot;:[{&quot;id&quot;:&quot;{ec8030f7-c20a-464f-9b0e-13a3a9e97384}&quot;,&quot;minVersion&quot;:&quot;55.0.3&quot;,&quot;maxVersion&quot;:&quot;55.*&quot;}],&quot;targetPlatforms&quot;:[],&quot;multiprocessCompatible&quot;:true,&quot;seen&quot;:true,&quot;dependencies&quot;:[],&quot;hasEmbeddedWebExtension&quot;:false,&quot;mpcOptedOut&quot;:false,&quot;userPermissions&quot;:null,&quot;icons&quot;:{},&quot;iconURL&quot;:null,&quot;icon64URL&quot;:null}
1504640732505	DeferredSave.extensions.json	DEBUG	Save changes
1504640732508	addons.manager	DEBUG	Registering startup change &apos;installed&apos; for firefox@getpocket.com
1504640732509	addons.xpi	DEBUG	Loading bootstrap scope from C:\Program Files (x86)\Mozilla Firefox\browser\features\firefox@getpocket.com.xpi
1504640732518	addons.xpi	DEBUG	Calling bootstrap method install on firefox@getpocket.com version 1.0.5
1504640732519	addons.xpi-utils	DEBUG	Make addon app-system-defaults:firefox@getpocket.com visible
1504640732520	addons.xpi	DEBUG	Updating XPIState for {&quot;id&quot;:&quot;firefox@getpocket.com&quot;,&quot;syncGUID&quot;:&quot;{3b1ad95a-beef-46db-92d2-1a9d9137e74f}&quot;,&quot;location&quot;:&quot;app-system-defaults&quot;,&quot;version&quot;:&quot;1.0.5&quot;,&quot;type&quot;:&quot;extension&quot;,&quot;internalName&quot;:null,&quot;updateURL&quot;:null,&quot;updateKey&quot;:null,&quot;optionsURL&quot;:null,&quot;optionsType&quot;:null,&quot;aboutURL&quot;:null,&quot;defaultLocale&quot;:{&quot;name&quot;:&quot;Pocket&quot;,&quot;description&quot;:&quot;When you find something you want to view later, put it in Pocket.&quot;,&quot;creator&quot;:null,&quot;homepageURL&quot;:null},&quot;visible&quot;:true,&quot;active&quot;:false,&quot;userDisabled&quot;:false,&quot;appDisabled&quot;:false,&quot;installDate&quot;:1504284423983,&quot;updateDate&quot;:1504284423983,&quot;applyBackgroundUpdates&quot;:1,&quot;bootstrap&quot;:true,&quot;path&quot;:&quot;C:\\Program Files (x86)\\Mozilla Firefox\\browser\\features\\firefox@getpocket.com.xpi&quot;,&quot;skinnable&quot;:false,&quot;size&quot;:862993,&quot;sourceURI&quot;:null,&quot;releaseNotesURI&quot;:null,&quot;softDisabled&quot;:false,&quot;foreignInstall&quot;:false,&quot;hasBinaryComponents&quot;:false,&quot;strictCompatibility&quot;:false,&quot;locales&quot;:[],&quot;targetApplications&quot;:[{&quot;id&quot;:&quot;{ec8030f7-c20a-464f-9b0e-13a3a9e97384}&quot;,&quot;minVersion&quot;:&quot;55.0.3&quot;,&quot;maxVersion&quot;:&quot;55.*&quot;}],&quot;targetPlatforms&quot;:[],&quot;multiprocessCompatible&quot;:true,&quot;seen&quot;:true,&quot;dependencies&quot;:[],&quot;hasEmbeddedWebExtension&quot;:false,&quot;mpcOptedOut&quot;:false,&quot;userPermissions&quot;:null,&quot;icons&quot;:{},&quot;iconURL&quot;:null,&quot;icon64URL&quot;:null}
1504640732523	DeferredSave.extensions.json	DEBUG	Save changes
1504640732523	addons.manager	DEBUG	Registering startup change &apos;installed&apos; for followonsearch@mozilla.com
1504640732524	addons.xpi	DEBUG	Loading bootstrap scope from C:\Program Files (x86)\Mozilla Firefox\browser\features\followonsearch@mozilla.com.xpi
1504640732529	addons.xpi	DEBUG	Calling bootstrap method install on followonsearch@mozilla.com version 0.9.1
1504640732529	addons.xpi-utils	DEBUG	Make addon app-system-defaults:followonsearch@mozilla.com visible
1504640732530	addons.xpi	DEBUG	Updating XPIState for {&quot;id&quot;:&quot;followonsearch@mozilla.com&quot;,&quot;syncGUID&quot;:&quot;{a329874e-7e38-4b21-b3ef-9cc2bba56185}&quot;,&quot;location&quot;:&quot;app-system-defaults&quot;,&quot;version&quot;:&quot;0.9.1&quot;,&quot;type&quot;:&quot;extension&quot;,&quot;internalName&quot;:null,&quot;updateURL&quot;:null,&quot;updateKey&quot;:null,&quot;optionsURL&quot;:null,&quot;optionsType&quot;:null,&quot;aboutURL&quot;:null,&quot;defaultLocale&quot;:{&quot;name&quot;:&quot;Follow-on Search Telemetry&quot;,&quot;description&quot;:null,&quot;creator&quot;:null,&quot;homepageURL&quot;:null},&quot;visible&quot;:true,&quot;active&quot;:false,&quot;userDisabled&quot;:false,&quot;appDisabled&quot;:false,&quot;installDate&quot;:1504284424181,&quot;updateDate&quot;:1504284424181,&quot;applyBackgroundUpdates&quot;:1,&quot;bootstrap&quot;:true,&quot;path&quot;:&quot;C:\\Program Files (x86)\\Mozilla Firefox\\browser\\features\\followonsearch@mozilla.com.xpi&quot;,&quot;skinnable&quot;:false,&quot;size&quot;:16730,&quot;sourceURI&quot;:null,&quot;releaseNotesURI&quot;:null,&quot;softDisabled&quot;:false,&quot;foreignInstall&quot;:false,&quot;hasBinaryComponents&quot;:false,&quot;strictCompatibility&quot;:false,&quot;locales&quot;:[],&quot;targetApplications&quot;:[{&quot;id&quot;:&quot;{ec8030f7-c20a-464f-9b0e-13a3a9e97384}&quot;,&quot;minVersion&quot;:&quot;52.0&quot;,&quot;maxVersion&quot;:&quot;59.*&quot;}],&quot;targetPlatforms&quot;:[],&quot;multiprocessCompatible&quot;:true,&quot;seen&quot;:true,&quot;dependencies&quot;:[],&quot;hasEmbeddedWebExtension&quot;:false,&quot;mpcOptedOut&quot;:false,&quot;userPermissions&quot;:null,&quot;icons&quot;:{},&quot;iconURL&quot;:null,&quot;icon64URL&quot;:null}
1504640732532	DeferredSave.extensions.json	DEBUG	Save changes
1504640732532	addons.manager	DEBUG	Registering startup change &apos;installed&apos; for screenshots@mozilla.org
1504640732533	addons.xpi	DEBUG	Loading bootstrap scope from C:\Program Files (x86)\Mozilla Firefox\browser\features\screenshots@mozilla.org.xpi
1504640732540	addons.xpi	DEBUG	Calling bootstrap method install on screenshots@mozilla.org version 10.12.0
1504640732540	addons.xpi-utils	DEBUG	Make addon app-system-defaults:screenshots@mozilla.org visible
1504640732541	addons.xpi	DEBUG	Updating XPIState for {&quot;id&quot;:&quot;screenshots@mozilla.org&quot;,&quot;syncGUID&quot;:&quot;{ae373ce3-040d-47f4-b418-5569ec79dbd9}&quot;,&quot;location&quot;:&quot;app-system-defaults&quot;,&quot;version&quot;:&quot;10.12.0&quot;,&quot;type&quot;:&quot;extension&quot;,&quot;internalName&quot;:null,&quot;updateURL&quot;:null,&quot;updateKey&quot;:null,&quot;optionsURL&quot;:null,&quot;optionsType&quot;:null,&quot;aboutURL&quot;:null,&quot;defaultLocale&quot;:{&quot;name&quot;:&quot;Firefox Screenshots&quot;,&quot;description&quot;:null,&quot;creator&quot;:null,&quot;homepageURL&quot;:&quot;https://pageshot.net/&quot;},&quot;visible&quot;:true,&quot;active&quot;:false,&quot;userDisabled&quot;:false,&quot;appDisabled&quot;:false,&quot;installDate&quot;:1504284423957,&quot;updateDate&quot;:1504284423957,&quot;applyBackgroundUpdates&quot;:1,&quot;bootstrap&quot;:true,&quot;path&quot;:&quot;C:\\Program Files (x86)\\Mozilla Firefox\\browser\\features\\screenshots@mozilla.org.xpi&quot;,&quot;skinnable&quot;:false,&quot;size&quot;:714554,&quot;sourceURI&quot;:null,&quot;releaseNotesURI&quot;:null,&quot;softDisabled&quot;:false,&quot;foreignInstall&quot;:false,&quot;hasBinaryComponents&quot;:false,&quot;strictCompatibility&quot;:false,&quot;locales&quot;:[],&quot;targetApplications&quot;:[{&quot;id&quot;:&quot;{ec8030f7-c20a-464f-9b0e-13a3a9e97384}&quot;,&quot;minVersion&quot;:&quot;51.0a1&quot;,&quot;maxVersion&quot;:&quot;*&quot;}],&quot;targetPlatforms&quot;:[],&quot;multiprocessCompatible&quot;:true,&quot;seen&quot;:true,&quot;dependencies&quot;:[],&quot;hasEmbeddedWebExtension&quot;:false,&quot;mpcOptedOut&quot;:false,&quot;userPermissions&quot;:null,&quot;icons&quot;:{},&quot;iconURL&quot;:null,&quot;icon64URL&quot;:null}
1504640732547	DeferredSave.extensions.json	DEBUG	Save changes
1504640732548	addons.manager	DEBUG	Registering startup change &apos;installed&apos; for shield-recipe-client@mozilla.org
1504640732549	addons.xpi	DEBUG	Loading bootstrap scope from C:\Program Files (x86)\Mozilla Firefox\browser\features\shield-recipe-client@mozilla.org.xpi
1504640732555	addons.xpi	DEBUG	Calling bootstrap method install on shield-recipe-client@mozilla.org version 55.1
1504640732555	addons.xpi-utils	DEBUG	Make addon app-system-defaults:shield-recipe-client@mozilla.org visible
1504640732556	addons.xpi	DEBUG	Updating XPIState for {&quot;id&quot;:&quot;shield-recipe-client@mozilla.org&quot;,&quot;syncGUID&quot;:&quot;{24fb849f-fec7-4b3c-8f34-69a9cad52157}&quot;,&quot;location&quot;:&quot;app-system-defaults&quot;,&quot;version&quot;:&quot;55.1&quot;,&quot;type&quot;:&quot;extension&quot;,&quot;internalName&quot;:null,&quot;updateURL&quot;:null,&quot;updateKey&quot;:null,&quot;optionsURL&quot;:null,&quot;optionsType&quot;:null,&quot;aboutURL&quot;:null,&quot;defaultLocale&quot;:{&quot;name&quot;:&quot;Shield Recipe Client&quot;,&quot;description&quot;:&quot;Client to download and run recipes for SHIELD, Heartbeat, etc.&quot;,&quot;creator&quot;:null,&quot;homepageURL&quot;:null},&quot;visible&quot;:true,&quot;active&quot;:false,&quot;userDisabled&quot;:false,&quot;appDisabled&quot;:false,&quot;installDate&quot;:1504284424170,&quot;updateDate&quot;:1504284424170,&quot;applyBackgroundUpdates&quot;:1,&quot;bootstrap&quot;:true,&quot;path&quot;:&quot;C:\\Program Files (x86)\\Mozilla Firefox\\browser\\features\\shield-recipe-client@mozilla.org.xpi&quot;,&quot;skinnable&quot;:false,&quot;size&quot;:140305,&quot;sourceURI&quot;:null,&quot;releaseNotesURI&quot;:null,&quot;softDisabled&quot;:false,&quot;foreignInstall&quot;:false,&quot;hasBinaryComponents&quot;:false,&quot;strictCompatibility&quot;:false,&quot;locales&quot;:[],&quot;targetApplications&quot;:[{&quot;id&quot;:&quot;{ec8030f7-c20a-464f-9b0e-13a3a9e97384}&quot;,&quot;minVersion&quot;:&quot;55.0.3&quot;,&quot;maxVersion&quot;:&quot;55.*&quot;}],&quot;targetPlatforms&quot;:[],&quot;multiprocessCompatible&quot;:true,&quot;seen&quot;:true,&quot;dependencies&quot;:[],&quot;hasEmbeddedWebExtension&quot;:false,&quot;mpcOptedOut&quot;:false,&quot;userPermissions&quot;:null,&quot;icons&quot;:{},&quot;iconURL&quot;:null,&quot;icon64URL&quot;:null}
1504640732566	DeferredSave.extensions.json	DEBUG	Save changes
1504640732566	addons.manager	DEBUG	Registering startup change &apos;installed&apos; for webcompat@mozilla.org
1504640732568	addons.xpi	DEBUG	Loading bootstrap scope from C:\Program Files (x86)\Mozilla Firefox\browser\features\webcompat@mozilla.org.xpi
1504640732572	addons.xpi	DEBUG	Calling bootstrap method install on webcompat@mozilla.org version 1.1
1504640732572	addons.xpi-utils	DEBUG	Make addon app-system-defaults:webcompat@mozilla.org visible
1504640732572	addons.xpi	DEBUG	Updating XPIState for {&quot;id&quot;:&quot;webcompat@mozilla.org&quot;,&quot;syncGUID&quot;:&quot;{67799ebc-fc23-4d46-a612-bfd9446fe8f0}&quot;,&quot;location&quot;:&quot;app-system-defaults&quot;,&quot;version&quot;:&quot;1.1&quot;,&quot;type&quot;:&quot;extension&quot;,&quot;internalName&quot;:null,&quot;updateURL&quot;:null,&quot;updateKey&quot;:null,&quot;optionsURL&quot;:null,&quot;optionsType&quot;:null,&quot;aboutURL&quot;:null,&quot;defaultLocale&quot;:{&quot;name&quot;:&quot;Web Compat&quot;,&quot;description&quot;:&quot;Urgent post-release fixes for web compatibility.&quot;,&quot;creator&quot;:null,&quot;homepageURL&quot;:null},&quot;visible&quot;:true,&quot;active&quot;:false,&quot;userDisabled&quot;:false,&quot;appDisabled&quot;:false,&quot;installDate&quot;:1504284423920,&quot;updateDate&quot;:1504284423920,&quot;applyBackgroundUpdates&quot;:1,&quot;bootstrap&quot;:true,&quot;path&quot;:&quot;C:\\Program Files (x86)\\Mozilla Firefox\\browser\\features\\webcompat@mozilla.org.xpi&quot;,&quot;skinnable&quot;:false,&quot;size&quot;:8992,&quot;sourceURI&quot;:null,&quot;releaseNotesURI&quot;:null,&quot;softDisabled&quot;:false,&quot;foreignInstall&quot;:false,&quot;hasBinaryComponents&quot;:false,&quot;strictCompatibility&quot;:false,&quot;locales&quot;:[],&quot;targetApplications&quot;:[{&quot;id&quot;:&quot;{ec8030f7-c20a-464f-9b0e-13a3a9e97384}&quot;,&quot;minVersion&quot;:&quot;55.0.3&quot;,&quot;maxVersion&quot;:&quot;55.*&quot;}],&quot;targetPlatforms&quot;:[],&quot;multiprocessCompatible&quot;:true,&quot;seen&quot;:true,&quot;dependencies&quot;:[],&quot;hasEmbeddedWebExtension&quot;:false,&quot;mpcOptedOut&quot;:false,&quot;userPermissions&quot;:null,&quot;icons&quot;:{},&quot;iconURL&quot;:null,&quot;icon64URL&quot;:null}
1504640732573	DeferredSave.extensions.json	DEBUG	Save changes
1504640732573	addons.xpi-utils	DEBUG	Make addon app-global:{972ce4c6-7e08-4474-a285-3208198ce6fd} visible
1504640732574	addons.xpi	DEBUG	Updating XPIState for {&quot;id&quot;:&quot;{972ce4c6-7e08-4474-a285-3208198ce6fd}&quot;,&quot;syncGUID&quot;:&quot;{138d7260-6bbf-4a27-bddb-3fd6ce536a89}&quot;,&quot;location&quot;:&quot;app-global&quot;,&quot;version&quot;:&quot;55.0.3&quot;,&quot;type&quot;:&quot;theme&quot;,&quot;internalName&quot;:&quot;classic/1.0&quot;,&quot;updateURL&quot;:null,&quot;updateKey&quot;:null,&quot;optionsURL&quot;:null,&quot;optionsType&quot;:null,&quot;optionsBrowserStyle&quot;:null,&quot;aboutURL&quot;:null,&quot;defaultLocale&quot;:{&quot;name&quot;:&quot;Default&quot;,&quot;description&quot;:&quot;The default theme.&quot;,&quot;creator&quot;:&quot;Mozilla&quot;,&quot;homepageURL&quot;:null,&quot;contributors&quot;:[&quot;Mozilla Contributors&quot;]},&quot;visible&quot;:true,&quot;active&quot;:false,&quot;userDisabled&quot;:false,&quot;appDisabled&quot;:false,&quot;installDate&quot;:1504284424003,&quot;updateDate&quot;:1504284424003,&quot;applyBackgroundUpdates&quot;:1,&quot;path&quot;:&quot;C:\\Program Files (x86)\\Mozilla Firefox\\browser\\extensions\\{972ce4c6-7e08-4474-a285-3208198ce6fd}.xpi&quot;,&quot;skinnable&quot;:true,&quot;size&quot;:7559,&quot;sourceURI&quot;:null,&quot;releaseNotesURI&quot;:null,&quot;softDisabled&quot;:false,&quot;foreignInstall&quot;:false,&quot;hasBinaryComponents&quot;:false,&quot;strictCompatibility&quot;:true,&quot;locales&quot;:[],&quot;targetApplications&quot;:[{&quot;id&quot;:&quot;{ec8030f7-c20a-464f-9b0e-13a3a9e97384}&quot;,&quot;minVersion&quot;:&quot;55.0.3&quot;,&quot;maxVersion&quot;:&quot;55.0.3&quot;}],&quot;targetPlatforms&quot;:[],&quot;seen&quot;:true,&quot;dependencies&quot;:[],&quot;hasEmbeddedWebExtension&quot;:false,&quot;userPermissions&quot;:null,&quot;icons&quot;:{},&quot;iconURL&quot;:&quot;chrome://browser/content/default-theme-icon.svg&quot;,&quot;icon64URL&quot;:null}
1504640732574	DeferredSave.extensions.json	DEBUG	Save changes
1504640732575	addons.xpi	DEBUG	Updating XPIState for {&quot;id&quot;:&quot;aushelper@mozilla.org&quot;,&quot;syncGUID&quot;:&quot;{5a05ba08-f79d-4277-b713-19523d12d1ea}&quot;,&quot;location&quot;:&quot;app-system-defaults&quot;,&quot;version&quot;:&quot;2.0&quot;,&quot;type&quot;:&quot;extension&quot;,&quot;internalName&quot;:null,&quot;updateURL&quot;:null,&quot;updateKey&quot;:null,&quot;optionsURL&quot;:null,&quot;optionsType&quot;:null,&quot;aboutURL&quot;:null,&quot;defaultLocale&quot;:{&quot;name&quot;:&quot;Application Update Service Helper&quot;,&quot;description&quot;:&quot;Sets value(s) in the update url based on custom checks.&quot;,&quot;creator&quot;:null,&quot;homepageURL&quot;:null},&quot;visible&quot;:true,&quot;active&quot;:true,&quot;userDisabled&quot;:false,&quot;appDisabled&quot;:false,&quot;installDate&quot;:1504284424001,&quot;updateDate&quot;:1504284424001,&quot;applyBackgroundUpdates&quot;:1,&quot;bootstrap&quot;:true,&quot;path&quot;:&quot;C:\\Program Files (x86)\\Mozilla Firefox\\browser\\features\\aushelper@mozilla.org.xpi&quot;,&quot;skinnable&quot;:false,&quot;size&quot;:8488,&quot;sourceURI&quot;:null,&quot;releaseNotesURI&quot;:null,&quot;softDisabled&quot;:false,&quot;foreignInstall&quot;:false,&quot;hasBinaryComponents&quot;:false,&quot;strictCompatibility&quot;:false,&quot;locales&quot;:[],&quot;targetApplications&quot;:[{&quot;id&quot;:&quot;{ec8030f7-c20a-464f-9b0e-13a3a9e97384}&quot;,&quot;minVersion&quot;:&quot;55.0.3&quot;,&quot;maxVersion&quot;:&quot;55.*&quot;}],&quot;targetPlatforms&quot;:[],&quot;multiprocessCompatible&quot;:true,&quot;seen&quot;:true,&quot;dependencies&quot;:[],&quot;hasEmbeddedWebExtension&quot;:false,&quot;mpcOptedOut&quot;:false,&quot;userPermissions&quot;:null,&quot;icons&quot;:{},&quot;iconURL&quot;:null,&quot;icon64URL&quot;:null}
1504640732576	addons.xpi	DEBUG	Updating XPIState for {&quot;id&quot;:&quot;clicktoplay-rollout@mozilla.org&quot;,&quot;syncGUID&quot;:&quot;{5d7d04a2-bcd7-4de2-be5f-f89d90d9c554}&quot;,&quot;location&quot;:&quot;app-system-defaults&quot;,&quot;version&quot;:&quot;1.2&quot;,&quot;type&quot;:&quot;extension&quot;,&quot;internalName&quot;:null,&quot;updateURL&quot;:null,&quot;updateKey&quot;:null,&quot;optionsURL&quot;:null,&quot;optionsType&quot;:null,&quot;aboutURL&quot;:null,&quot;defaultLocale&quot;:{&quot;name&quot;:&quot;Click-to-Play staged rollout&quot;,&quot;description&quot;:&quot;Staged rollout for Click-to-Play Flash.&quot;,&quot;creator&quot;:null,&quot;homepageURL&quot;:null},&quot;visible&quot;:true,&quot;active&quot;:true,&quot;userDisabled&quot;:false,&quot;appDisabled&quot;:false,&quot;installDate&quot;:1504284424182,&quot;updateDate&quot;:1504284424182,&quot;applyBackgroundUpdates&quot;:1,&quot;bootstrap&quot;:true,&quot;path&quot;:&quot;C:\\Program Files (x86)\\Mozilla Firefox\\browser\\features\\clicktoplay-rollout@mozilla.org.xpi&quot;,&quot;skinnable&quot;:false,&quot;size&quot;:5621,&quot;sourceURI&quot;:null,&quot;releaseNotesURI&quot;:null,&quot;softDisabled&quot;:false,&quot;foreignInstall&quot;:false,&quot;hasBinaryComponents&quot;:false,&quot;strictCompatibility&quot;:false,&quot;locales&quot;:[],&quot;targetApplications&quot;:[{&quot;id&quot;:&quot;{ec8030f7-c20a-464f-9b0e-13a3a9e97384}&quot;,&quot;minVersion&quot;:&quot;55.0.3&quot;,&quot;maxVersion&quot;:&quot;55.*&quot;}],&quot;targetPlatforms&quot;:[],&quot;multiprocessCompatible&quot;:true,&quot;seen&quot;:true,&quot;dependencies&quot;:[],&quot;hasEmbeddedWebExtension&quot;:false,&quot;mpcOptedOut&quot;:false,&quot;userPermissions&quot;:null,&quot;icons&quot;:{},&quot;iconURL&quot;:null,&quot;icon64URL&quot;:null}
1504640732576	addons.xpi	DEBUG	Updating XPIState for {&quot;id&quot;:&quot;e10srollout@mozilla.org&quot;,&quot;syncGUID&quot;:&quot;{e21a5a1d-5638-4c84-ae20-59226023ddb0}&quot;,&quot;location&quot;:&quot;app-system-defaults&quot;,&quot;version&quot;:&quot;2.0&quot;,&quot;type&quot;:&quot;extension&quot;,&quot;internalName&quot;:null,&quot;updateURL&quot;:null,&quot;updateKey&quot;:null,&quot;optionsURL&quot;:null,&quot;optionsType&quot;:null,&quot;aboutURL&quot;:null,&quot;defaultLocale&quot;:{&quot;name&quot;:&quot;Multi-process staged rollout&quot;,&quot;description&quot;:&quot;Staged rollout of Firefox multi-process feature.&quot;,&quot;creator&quot;:null,&quot;homepageURL&quot;:null},&quot;visible&quot;:true,&quot;active&quot;:true,&quot;userDisabled&quot;:false,&quot;appDisabled&quot;:false,&quot;installDate&quot;:1504284423992,&quot;updateDate&quot;:1504284423992,&quot;applyBackgroundUpdates&quot;:1,&quot;bootstrap&quot;:true,&quot;path&quot;:&quot;C:\\Program Files (x86)\\Mozilla Firefox\\browser\\features\\e10srollout@mozilla.org.xpi&quot;,&quot;skinnable&quot;:false,&quot;size&quot;:13287,&quot;sourceURI&quot;:null,&quot;releaseNotesURI&quot;:null,&quot;softDisabled&quot;:false,&quot;foreignInstall&quot;:false,&quot;hasBinaryComponents&quot;:false,&quot;strictCompatibility&quot;:false,&quot;locales&quot;:[],&quot;targetApplications&quot;:[{&quot;id&quot;:&quot;{ec8030f7-c20a-464f-9b0e-13a3a9e97384}&quot;,&quot;minVersion&quot;:&quot;55.0.3&quot;,&quot;maxVersion&quot;:&quot;55.*&quot;}],&quot;targetPlatforms&quot;:[],&quot;multiprocessCompatible&quot;:true,&quot;seen&quot;:true,&quot;dependencies&quot;:[],&quot;hasEmbeddedWebExtension&quot;:false,&quot;mpcOptedOut&quot;:false,&quot;userPermissions&quot;:null,&quot;icons&quot;:{},&quot;iconURL&quot;:null,&quot;icon64URL&quot;:null}
1504640732578	addons.xpi	DEBUG	Updating XPIState for {&quot;id&quot;:&quot;firefox@getpocket.com&quot;,&quot;syncGUID&quot;:&quot;{3b1ad95a-beef-46db-92d2-1a9d9137e74f}&quot;,&quot;location&quot;:&quot;app-system-defaults&quot;,&quot;version&quot;:&quot;1.0.5&quot;,&quot;type&quot;:&quot;extension&quot;,&quot;internalName&quot;:null,&quot;updateURL&quot;:null,&quot;updateKey&quot;:null,&quot;optionsURL&quot;:null,&quot;optionsType&quot;:null,&quot;aboutURL&quot;:null,&quot;defaultLocale&quot;:{&quot;name&quot;:&quot;Pocket&quot;,&quot;description&quot;:&quot;When you find something you want to view later, put it in Pocket.&quot;,&quot;creator&quot;:null,&quot;homepageURL&quot;:null},&quot;visible&quot;:true,&quot;active&quot;:true,&quot;userDisabled&quot;:false,&quot;appDisabled&quot;:false,&quot;installDate&quot;:1504284423983,&quot;updateDate&quot;:1504284423983,&quot;applyBackgroundUpdates&quot;:1,&quot;bootstrap&quot;:true,&quot;path&quot;:&quot;C:\\Program Files (x86)\\Mozilla Firefox\\browser\\features\\firefox@getpocket.com.xpi&quot;,&quot;skinnable&quot;:false,&quot;size&quot;:862993,&quot;sourceURI&quot;:null,&quot;releaseNotesURI&quot;:null,&quot;softDisabled&quot;:false,&quot;foreignInstall&quot;:false,&quot;hasBinaryComponents&quot;:false,&quot;strictCompatibility&quot;:false,&quot;locales&quot;:[],&quot;targetApplications&quot;:[{&quot;id&quot;:&quot;{ec8030f7-c20a-464f-9b0e-13a3a9e97384}&quot;,&quot;minVersion&quot;:&quot;55.0.3&quot;,&quot;maxVersion&quot;:&quot;55.*&quot;}],&quot;targetPlatforms&quot;:[],&quot;multiprocessCompatible&quot;:true,&quot;seen&quot;:true,&quot;dependencies&quot;:[],&quot;hasEmbeddedWebExtension&quot;:false,&quot;mpcOptedOut&quot;:false,&quot;userPermissions&quot;:null,&quot;icons&quot;:{},&quot;iconURL&quot;:null,&quot;icon64URL&quot;:null}
1504640732578	addons.xpi	DEBUG	Updating XPIState for {&quot;id&quot;:&quot;followonsearch@mozilla.com&quot;,&quot;syncGUID&quot;:&quot;{a329874e-7e38-4b21-b3ef-9cc2bba56185}&quot;,&quot;location&quot;:&quot;app-system-defaults&quot;,&quot;version&quot;:&quot;0.9.1&quot;,&quot;type&quot;:&quot;extension&quot;,&quot;internalName&quot;:null,&quot;updateURL&quot;:null,&quot;updateKey&quot;:null,&quot;optionsURL&quot;:null,&quot;optionsType&quot;:null,&quot;aboutURL&quot;:null,&quot;defaultLocale&quot;:{&quot;name&quot;:&quot;Follow-on Search Telemetry&quot;,&quot;description&quot;:null,&quot;creator&quot;:null,&quot;homepageURL&quot;:null},&quot;visible&quot;:true,&quot;active&quot;:true,&quot;userDisabled&quot;:false,&quot;appDisabled&quot;:false,&quot;installDate&quot;:1504284424181,&quot;updateDate&quot;:1504284424181,&quot;applyBackgroundUpdates&quot;:1,&quot;bootstrap&quot;:true,&quot;path&quot;:&quot;C:\\Program Files (x86)\\Mozilla Firefox\\browser\\features\\followonsearch@mozilla.com.xpi&quot;,&quot;skinnable&quot;:false,&quot;size&quot;:16730,&quot;sourceURI&quot;:null,&quot;releaseNotesURI&quot;:null,&quot;softDisabled&quot;:false,&quot;foreignInstall&quot;:false,&quot;hasBinaryComponents&quot;:false,&quot;strictCompatibility&quot;:false,&quot;locales&quot;:[],&quot;targetApplications&quot;:[{&quot;id&quot;:&quot;{ec8030f7-c20a-464f-9b0e-13a3a9e97384}&quot;,&quot;minVersion&quot;:&quot;52.0&quot;,&quot;maxVersion&quot;:&quot;59.*&quot;}],&quot;targetPlatforms&quot;:[],&quot;multiprocessCompatible&quot;:true,&quot;seen&quot;:true,&quot;dependencies&quot;:[],&quot;hasEmbeddedWebExtension&quot;:false,&quot;mpcOptedOut&quot;:false,&quot;userPermissions&quot;:null,&quot;icons&quot;:{},&quot;iconURL&quot;:null,&quot;icon64URL&quot;:null}
1504640732579	addons.xpi	DEBUG	Updating XPIState for {&quot;id&quot;:&quot;screenshots@mozilla.org&quot;,&quot;syncGUID&quot;:&quot;{ae373ce3-040d-47f4-b418-5569ec79dbd9}&quot;,&quot;location&quot;:&quot;app-system-defaults&quot;,&quot;version&quot;:&quot;10.12.0&quot;,&quot;type&quot;:&quot;extension&quot;,&quot;internalName&quot;:null,&quot;updateURL&quot;:null,&quot;updateKey&quot;:null,&quot;optionsURL&quot;:null,&quot;optionsType&quot;:null,&quot;aboutURL&quot;:null,&quot;defaultLocale&quot;:{&quot;name&quot;:&quot;Firefox Screenshots&quot;,&quot;description&quot;:null,&quot;creator&quot;:null,&quot;homepageURL&quot;:&quot;https://pageshot.net/&quot;},&quot;visible&quot;:true,&quot;active&quot;:true,&quot;userDisabled&quot;:false,&quot;appDisabled&quot;:false,&quot;installDate&quot;:1504284423957,&quot;updateDate&quot;:1504284423957,&quot;applyBackgroundUpdates&quot;:1,&quot;bootstrap&quot;:true,&quot;path&quot;:&quot;C:\\Program Files (x86)\\Mozilla Firefox\\browser\\features\\screenshots@mozilla.org.xpi&quot;,&quot;skinnable&quot;:false,&quot;size&quot;:714554,&quot;sourceURI&quot;:null,&quot;releaseNotesURI&quot;:null,&quot;softDisabled&quot;:false,&quot;foreignInstall&quot;:false,&quot;hasBinaryComponents&quot;:false,&quot;strictCompatibility&quot;:false,&quot;locales&quot;:[],&quot;targetApplications&quot;:[{&quot;id&quot;:&quot;{ec8030f7-c20a-464f-9b0e-13a3a9e97384}&quot;,&quot;minVersion&quot;:&quot;51.0a1&quot;,&quot;maxVersion&quot;:&quot;*&quot;}],&quot;targetPlatforms&quot;:[],&quot;multiprocessCompatible&quot;:true,&quot;seen&quot;:true,&quot;dependencies&quot;:[],&quot;hasEmbeddedWebExtension&quot;:false,&quot;mpcOptedOut&quot;:false,&quot;userPermissions&quot;:null,&quot;icons&quot;:{},&quot;iconURL&quot;:null,&quot;icon64URL&quot;:null}
1504640732580	addons.xpi	DEBUG	Updating XPIState for {&quot;id&quot;:&quot;shield-recipe-client@mozilla.org&quot;,&quot;syncGUID&quot;:&quot;{24fb849f-fec7-4b3c-8f34-69a9cad52157}&quot;,&quot;location&quot;:&quot;app-system-defaults&quot;,&quot;version&quot;:&quot;55.1&quot;,&quot;type&quot;:&quot;extension&quot;,&quot;internalName&quot;:null,&quot;updateURL&quot;:null,&quot;updateKey&quot;:null,&quot;optionsURL&quot;:null,&quot;optionsType&quot;:null,&quot;aboutURL&quot;:null,&quot;defaultLocale&quot;:{&quot;name&quot;:&quot;Shield Recipe Client&quot;,&quot;description&quot;:&quot;Client to download and run recipes for SHIELD, Heartbeat, etc.&quot;,&quot;creator&quot;:null,&quot;homepageURL&quot;:null},&quot;visible&quot;:true,&quot;active&quot;:true,&quot;userDisabled&quot;:false,&quot;appDisabled&quot;:false,&quot;installDate&quot;:1504284424170,&quot;updateDate&quot;:1504284424170,&quot;applyBackgroundUpdates&quot;:1,&quot;bootstrap&quot;:true,&quot;path&quot;:&quot;C:\\Program Files (x86)\\Mozilla Firefox\\browser\\features\\shield-recipe-client@mozilla.org.xpi&quot;,&quot;skinnable&quot;:false,&quot;size&quot;:140305,&quot;sourceURI&quot;:null,&quot;releaseNotesURI&quot;:null,&quot;softDisabled&quot;:false,&quot;foreignInstall&quot;:false,&quot;hasBinaryComponents&quot;:false,&quot;strictCompatibility&quot;:false,&quot;locales&quot;:[],&quot;targetApplications&quot;:[{&quot;id&quot;:&quot;{ec8030f7-c20a-464f-9b0e-13a3a9e97384}&quot;,&quot;minVersion&quot;:&quot;55.0.3&quot;,&quot;maxVersion&quot;:&quot;55.*&quot;}],&quot;targetPlatforms&quot;:[],&quot;multiprocessCompatible&quot;:true,&quot;seen&quot;:true,&quot;dependencies&quot;:[],&quot;hasEmbeddedWebExtension&quot;:false,&quot;mpcOptedOut&quot;:false,&quot;userPermissions&quot;:null,&quot;icons&quot;:{},&quot;iconURL&quot;:null,&quot;icon64URL&quot;:null}
1504640732600	addons.xpi	DEBUG	Updating XPIState for {&quot;id&quot;:&quot;webcompat@mozilla.org&quot;,&quot;syncGUID&quot;:&quot;{67799ebc-fc23-4d46-a612-bfd9446fe8f0}&quot;,&quot;location&quot;:&quot;app-system-defaults&quot;,&quot;version&quot;:&quot;1.1&quot;,&quot;type&quot;:&quot;extension&quot;,&quot;internalName&quot;:null,&quot;updateURL&quot;:null,&quot;updateKey&quot;:null,&quot;optionsURL&quot;:null,&quot;optionsType&quot;:null,&quot;aboutURL&quot;:null,&quot;defaultLocale&quot;:{&quot;name&quot;:&quot;Web Compat&quot;,&quot;description&quot;:&quot;Urgent post-release fixes for web compatibility.&quot;,&quot;creator&quot;:null,&quot;homepageURL&quot;:null},&quot;visible&quot;:true,&quot;active&quot;:true,&quot;userDisabled&quot;:false,&quot;appDisabled&quot;:false,&quot;installDate&quot;:1504284423920,&quot;updateDate&quot;:1504284423920,&quot;applyBackgroundUpdates&quot;:1,&quot;bootstrap&quot;:true,&quot;path&quot;:&quot;C:\\Program Files (x86)\\Mozilla Firefox\\browser\\features\\webcompat@mozilla.org.xpi&quot;,&quot;skinnable&quot;:false,&quot;size&quot;:8992,&quot;sourceURI&quot;:null,&quot;releaseNotesURI&quot;:null,&quot;softDisabled&quot;:false,&quot;foreignInstall&quot;:false,&quot;hasBinaryComponents&quot;:false,&quot;strictCompatibility&quot;:false,&quot;locales&quot;:[],&quot;targetApplications&quot;:[{&quot;id&quot;:&quot;{ec8030f7-c20a-464f-9b0e-13a3a9e97384}&quot;,&quot;minVersion&quot;:&quot;55.0.3&quot;,&quot;maxVersion&quot;:&quot;55.*&quot;}],&quot;targetPlatforms&quot;:[],&quot;multiprocessCompatible&quot;:true,&quot;seen&quot;:true,&quot;dependencies&quot;:[],&quot;hasEmbeddedWebExtension&quot;:false,&quot;mpcOptedOut&quot;:false,&quot;userPermissions&quot;:null,&quot;icons&quot;:{},&quot;iconURL&quot;:null,&quot;icon64URL&quot;:null}
1504640732601	addons.xpi	DEBUG	Updating XPIState for {&quot;id&quot;:&quot;{972ce4c6-7e08-4474-a285-3208198ce6fd}&quot;,&quot;syncGUID&quot;:&quot;{138d7260-6bbf-4a27-bddb-3fd6ce536a89}&quot;,&quot;location&quot;:&quot;app-global&quot;,&quot;version&quot;:&quot;55.0.3&quot;,&quot;type&quot;:&quot;theme&quot;,&quot;internalName&quot;:&quot;classic/1.0&quot;,&quot;updateURL&quot;:null,&quot;updateKey&quot;:null,&quot;optionsURL&quot;:null,&quot;optionsType&quot;:null,&quot;optionsBrowserStyle&quot;:null,&quot;aboutURL&quot;:null,&quot;defaultLocale&quot;:{&quot;name&quot;:&quot;Default&quot;,&quot;description&quot;:&quot;The default theme.&quot;,&quot;creator&quot;:&quot;Mozilla&quot;,&quot;homepageURL&quot;:null,&quot;contributors&quot;:[&quot;Mozilla Contributors&quot;]},&quot;visible&quot;:true,&quot;active&quot;:true,&quot;userDisabled&quot;:false,&quot;appDisabled&quot;:false,&quot;installDate&quot;:1504284424003,&quot;updateDate&quot;:1504284424003,&quot;applyBackgroundUpdates&quot;:1,&quot;path&quot;:&quot;C:\\Program Files (x86)\\Mozilla Firefox\\browser\\extensions\\{972ce4c6-7e08-4474-a285-3208198ce6fd}.xpi&quot;,&quot;skinnable&quot;:true,&quot;size&quot;:7559,&quot;sourceURI&quot;:null,&quot;releaseNotesURI&quot;:null,&quot;softDisabled&quot;:false,&quot;foreignInstall&quot;:false,&quot;hasBinaryComponents&quot;:false,&quot;strictCompatibility&quot;:true,&quot;locales&quot;:[],&quot;targetApplications&quot;:[{&quot;id&quot;:&quot;{ec8030f7-c20a-464f-9b0e-13a3a9e97384}&quot;,&quot;minVersion&quot;:&quot;55.0.3&quot;,&quot;maxVersion&quot;:&quot;55.0.3&quot;}],&quot;targetPlatforms&quot;:[],&quot;seen&quot;:true,&quot;dependencies&quot;:[],&quot;hasEmbeddedWebExtension&quot;:false,&quot;userPermissions&quot;:null,&quot;icons&quot;:{},&quot;iconURL&quot;:&quot;chrome://browser/content/default-theme-icon.svg&quot;,&quot;icon64URL&quot;:null}
1504640732601	DeferredSave.extensions.json	DEBUG	Save changes
1504640732601	addons.xpi	DEBUG	Updating database with changes to installed add-ons
1504640732601	addons.xpi-utils	DEBUG	Updating add-on states
1504640732608	addons.xpi	DEBUG	Registering manifest for C:\Program Files (x86)\Mozilla Firefox\browser\features\aushelper@mozilla.org.xpi
1504640732609	addons.xpi	DEBUG	Calling bootstrap method startup on aushelper@mozilla.org version 2.0
1504640732611	addons.xpi	DEBUG	Registering manifest for C:\Program Files (x86)\Mozilla Firefox\browser\features\clicktoplay-rollout@mozilla.org.xpi
1504640732612	addons.xpi	DEBUG	Calling bootstrap method startup on clicktoplay-rollout@mozilla.org version 1.2
1504640732692	addons.xpi	DEBUG	Registering manifest for C:\Program Files (x86)\Mozilla Firefox\browser\features\e10srollout@mozilla.org.xpi
1504640732693	addons.xpi	DEBUG	Calling bootstrap method startup on e10srollout@mozilla.org version 2.0
1504640732693	addons.xpi	DEBUG	Registering manifest for C:\Program Files (x86)\Mozilla Firefox\browser\features\firefox@getpocket.com.xpi
1504640732694	addons.xpi	DEBUG	Calling bootstrap method startup on firefox@getpocket.com version 1.0.5
1504640732730	addons.xpi	DEBUG	Registering manifest for C:\Program Files (x86)\Mozilla Firefox\browser\features\followonsearch@mozilla.com.xpi
1504640732731	addons.xpi	DEBUG	Calling bootstrap method startup on followonsearch@mozilla.com version 0.9.1
1504640732732	addons.xpi	DEBUG	Registering manifest for C:\Program Files (x86)\Mozilla Firefox\browser\features\screenshots@mozilla.org.xpi
1504640732733	addons.xpi	DEBUG	Calling bootstrap method startup on screenshots@mozilla.org version 10.12.0
1504640732734	addons.xpi	DEBUG	Registering manifest for C:\Program Files (x86)\Mozilla Firefox\browser\features\shield-recipe-client@mozilla.org.xpi
1504640732735	addons.xpi	DEBUG	Calling bootstrap method startup on shield-recipe-client@mozilla.org version 55.1
1504640732743	addons.xpi	DEBUG	Registering manifest for C:\Program Files (x86)\Mozilla Firefox\browser\features\webcompat@mozilla.org.xpi
1504640732744	addons.xpi	DEBUG	Calling bootstrap method startup on webcompat@mozilla.org version 1.1
1504640732752	addons.manager	DEBUG	Registering shutdown blocker for XPIProvider
1504640732753	addons.manager	DEBUG	Provider finished startup: XPIProvider
1504640732753	addons.manager	DEBUG	Starting provider: LightweightThemeManager
1504640732753	addons.manager	DEBUG	Registering shutdown blocker for LightweightThemeManager
1504640732753	addons.manager	DEBUG	Provider finished startup: LightweightThemeManager
1504640732753	addons.manager	DEBUG	Starting provider: GMPProvider
1504640732758	addons.manager	DEBUG	Registering shutdown blocker for GMPProvider
1504640732758	addons.manager	DEBUG	Provider finished startup: GMPProvider
1504640732759	addons.manager	DEBUG	Starting provider: PluginProvider
1504640732759	addons.manager	DEBUG	Registering shutdown blocker for PluginProvider
1504640732759	addons.manager	DEBUG	Provider finished startup: PluginProvider
1504640732760	addons.manager	DEBUG	Completed startup sequence
1504640732889	Marionette	INFO	Enabled via --marionette
1504640733064	addons.manager	DEBUG	Starting provider: PreviousExperimentProvider
1504640733064	addons.manager	DEBUG	Registering shutdown blocker for PreviousExperimentProvider
1504640733065	addons.manager	DEBUG	Provider finished startup: PreviousExperimentProvider
1504640733066	DeferredSave.extensions.json	DEBUG	Starting write
1504640733294	DeferredSave.extensions.json	DEBUG	Write succeeded
1504640733294	addons.xpi-utils	DEBUG	XPI Database saved, setting schema version preference to 21
1504640734268	addons.manager	DEBUG	Starting provider: &lt;unnamed-provider&gt;
1504640734268	addons.manager	DEBUG	Registering shutdown blocker for &lt;unnamed-provider&gt;
1504640734268	addons.manager	DEBUG	Provider finished startup: &lt;unnamed-provider&gt;
1504640734271	addons.xpi	INFO	Mapping aushelper@mozilla.org to C:\Program Files (x86)\Mozilla Firefox\browser\features\aushelper@mozilla.org.xpi
1504640734271	addons.xpi	INFO	Mapping clicktoplay-rollout@mozilla.org to C:\Program Files (x86)\Mozilla Firefox\browser\features\clicktoplay-rollout@mozilla.org.xpi
1504640734272	addons.xpi	INFO	Mapping e10srollout@mozilla.org to C:\Program Files (x86)\Mozilla Firefox\browser\features\e10srollout@mozilla.org.xpi
1504640734272	addons.xpi	INFO	Mapping firefox@getpocket.com to C:\Program Files (x86)\Mozilla Firefox\browser\features\firefox@getpocket.com.xpi
1504640734272	addons.xpi	INFO	Mapping followonsearch@mozilla.com to C:\Program Files (x86)\Mozilla Firefox\browser\features\followonsearch@mozilla.com.xpi
1504640734272	addons.xpi	INFO	Mapping screenshots@mozilla.org to C:\Program Files (x86)\Mozilla Firefox\browser\features\screenshots@mozilla.org.xpi
1504640734272	addons.xpi	INFO	Mapping shield-recipe-client@mozilla.org to C:\Program Files (x86)\Mozilla Firefox\browser\features\shield-recipe-client@mozilla.org.xpi
1504640734272	addons.xpi	INFO	Mapping webcompat@mozilla.org to C:\Program Files (x86)\Mozilla Firefox\browser\features\webcompat@mozilla.org.xpi
1504640734273	addons.xpi	DEBUG	Existing add-on aushelper@mozilla.org in app-system-defaults
1504640734273	addons.xpi	DEBUG	Existing add-on clicktoplay-rollout@mozilla.org in app-system-defaults
1504640734273	addons.xpi	DEBUG	Existing add-on e10srollout@mozilla.org in app-system-defaults
1504640734274	addons.xpi	DEBUG	Existing add-on firefox@getpocket.com in app-system-defaults
1504640734274	addons.xpi	DEBUG	Existing add-on followonsearch@mozilla.com in app-system-defaults
1504640734274	addons.xpi	DEBUG	Existing add-on screenshots@mozilla.org in app-system-defaults
1504640734274	addons.xpi	DEBUG	Existing add-on shield-recipe-client@mozilla.org in app-system-defaults
1504640734275	addons.xpi	DEBUG	Existing add-on webcompat@mozilla.org in app-system-defaults
1504640734275	addons.xpi	INFO	Mapping {972ce4c6-7e08-4474-a285-3208198ce6fd} to C:\Program Files (x86)\Mozilla Firefox\browser\extensions\{972ce4c6-7e08-4474-a285-3208198ce6fd}.xpi
1504640734275	addons.xpi	DEBUG	Existing add-on {972ce4c6-7e08-4474-a285-3208198ce6fd} in app-global
1504640734275	addons.xpi	DEBUG	getInstallState changed: false, state: {}
[GPU 6976] WARNING: pipe error: 109: file c:/builds/moz2_slave/m-rel-w32-00000000000000000000/build/src/ipc/chromium/src/chrome/common/ipc_channel_win.cc, line 346
1504640734349	addons.productaddons	INFO	sending request to: https://aus5.mozilla.org/update/3/GMP/55.0.3/20170824053622/WINNT_x86-msvc-x64/en-US/release/Windows_NT%2010.0.0.0%20(x64)/default/default/update.xml
1504640734455	Marionette	INFO	Listening on port 60540
1504640734465	Marionette	INFO	Listening on port 60540
1504640735099	Marionette	DEBUG	loaded listener.js
???. 05, 2017 10:45:35 PM org.openqa.selenium.remote.ProtocolHandshake createSession
INFO: Detected dialect: W3C
???. 05, 2017 10:45:35 PM com.codeborne.selenide.webdriver.WebDriverFactory createWebDriver
INFO: BrowserName=firefox Version= Platform=ANY
???. 05, 2017 10:45:35 PM com.codeborne.selenide.webdriver.WebDriverFactory createWebDriver
INFO: Selenide v. 4.5.1
???. 05, 2017 10:45:35 PM com.codeborne.selenide.webdriver.WebDriverFactory createWebDriver
INFO: Selenium WebDriver v. 3.4.0 build time: unknown
???. 05, 2017 10:45:35 PM com.codeborne.selenide.impl.WebDriverThreadLocalContainer createDriver
INFO: Create webdriver in current thread 1: FirefoxDriver -&gt; FirefoxDriver: firefox on ANY (86ff532e-121b-4c1c-8ffe-39f6873b4fca)
1504640735461	Marionette	DEBUG	Received DOM event &quot;beforeunload&quot; for &quot;about:blank&quot;
1504640735637	addons.productaddons	INFO	Completed downloading document
1504640737288	Marionette	DEBUG	Received DOM event &quot;pagehide&quot; for &quot;about:blank&quot;
1504640737290	Marionette	DEBUG	Received DOM event &quot;unload&quot; for &quot;about:blank&quot;
1504640737959	addons.productaddons	INFO	downloadXHR File download. status=200
1504640737961	addons.productaddons	INFO	Downloaded file will be saved to C:\Users\O80E2~1.ZHM\AppData\Local\Temp\tmpaddon
1504640740868	addons.productaddons	INFO	downloadXHR File download. status=200
1504640740871	addons.productaddons	INFO	Downloaded file will be saved to C:\Users\O80E2~1.ZHM\AppData\Local\Temp\tmpaddon
JavaScript error: https://services.postcodeanywhere.co.uk/js/address-3.50.min.js, line 3: SyntaxError: expected expression, got &apos;&lt;&apos;
1504640810926	Marionette	DEBUG	Received DOM event &quot;DOMContentLoaded&quot; for &quot;https://www.musto.com/en_GB/womens-glemsford-polartec%C2%AE-fleece-gilet/CS2320.html?cgid=womens-gilets&amp;dwvar_CS2320_color=BRDX#start=3&quot;
1504640811343	Marionette	DEBUG	Received DOM event &quot;pageshow&quot; for &quot;https://www.musto.com/en_GB/womens-glemsford-polartec%C2%AE-fleece-gilet/CS2320.html?cgid=womens-gilets&amp;dwvar_CS2320_color=BRDX#start=3&quot;
1504640811565	Marionette	DEBUG	Received DOM event &quot;DOMContentLoaded&quot; for &quot;https://www.musto.com/en_GB/womens-glemsford-polartec%C2%AE-fleece-gilet/CS2320.html?cgid=womens-gilets&amp;dwvar_CS2320_color=BRDX#start=3&quot;
1504640811568	Marionette	DEBUG	Received DOM event &quot;pageshow&quot; for &quot;https://www.musto.com/en_GB/womens-glemsford-polartec%C2%AE-fleece-gilet/CS2320.html?cgid=womens-gilets&amp;dwvar_CS2320_color=BRDX#start=3&quot;
1504640811626	Marionette	DEBUG	Received DOM event &quot;DOMContentLoaded&quot; for &quot;https://4884213.fls.doubleclick.net/activityi;src=4884213;type=secy20;cat=allpa0;ord=1;num=4144449576618;~oref=https%3A%2F%2Fwww.musto.com%2Fen_GB%2Fwomens-glemsford-polartec%25C2%25AE-fleece-gilet%2FCS2320.html%3Fcgid%3Dwomens-gilets%26dwvar_CS2320_color%3DBRDX?&quot;
1504640811629	Marionette	DEBUG	Received DOM event &quot;pageshow&quot; for &quot;https://4884213.fls.doubleclick.net/activityi;src=4884213;type=secy20;cat=allpa0;ord=1;num=4144449576618;~oref=https%3A%2F%2Fwww.musto.com%2Fen_GB%2Fwomens-glemsford-polartec%25C2%25AE-fleece-gilet%2FCS2320.html%3Fcgid%3Dwomens-gilets%26dwvar_CS2320_color%3DBRDX?&quot;
1504640812035	Marionette	DEBUG	Received DOM event &quot;DOMContentLoaded&quot; for &quot;https://config1.veinteractive.com/scripts/shared/iframeStorage-5.0.0.html?iframeid=ve-storage-iframe&amp;journeyId=1862&quot;
1504640812045	Marionette	DEBUG	Received DOM event &quot;pageshow&quot; for &quot;https://config1.veinteractive.com/scripts/shared/iframeStorage-5.0.0.html?iframeid=ve-storage-iframe&amp;journeyId=1862&quot;
1504640812222	Marionette	DEBUG	Received DOM event &quot;DOMContentLoaded&quot; for &quot;https://www.musto.com/en_GB/womens-glemsford-polartec%C2%AE-fleece-gilet/CS2320.html?cgid=womens-gilets&amp;dwvar_CS2320_color=BRDX#start=3&quot;
1504640812250	Marionette	DEBUG	Received DOM event &quot;pageshow&quot; for &quot;https://www.musto.com/en_GB/womens-glemsford-polartec%C2%AE-fleece-gilet/CS2320.html?cgid=womens-gilets&amp;dwvar_CS2320_color=BRDX#start=3&quot;
1504640812350	Marionette	DEBUG	Received observer notification &quot;outer-window-destroyed&quot; for &quot;2147483663&quot;
1504640816280	Marionette	DEBUG	Received DOM event &quot;pageshow&quot; for &quot;https://www.musto.com/en_GB/womens-glemsford-polartec%C2%AE-fleece-gilet/CS2320.html?cgid=womens-gilets&amp;dwvar_CS2320_color=BRDX#start=3&quot;
1504640816835	Marionette	DEBUG	Canceled page load listener because no navigation has been detected
1504640817150	Marionette	DEBUG	Canceled page load listener because no navigation has been detected
1504640817510	Marionette	DEBUG	Canceled page load listener because no navigation has been detected
1504640817884	Marionette	DEBUG	Canceled page load listener because no navigation has been detected
1504640818235	Marionette	DEBUG	Canceled page load listener because no navigation has been detected
</system-err>
  </testcase>
</testsuite>