<?xml version="1.0" encoding="UTF-8" ?>
<testsuite tests="1" failures="0" name="test.java.AddToCartTest" time="7.71" errors="1" skipped="0">
  <properties>
[...]
</properties>
  <testcase classname="test.java.AddToCartTest" name="variationAddtoCart" time="7.71">
    <error message="Failed to decode response from marionette
Build info: version: &apos;3.4.0&apos;, revision: &apos;unknown&apos;, time: &apos;unknown&apos;
System info: host: &apos;OZHMURKO-NB&apos;, ip: &apos;192.168.183.1&apos;, os.name: &apos;Windows 10&apos;, os.arch: &apos;amd64&apos;, os.version: &apos;10.0&apos;, java.version: &apos;1.8.0_121&apos;
Driver info: org.openqa.selenium.firefox.FirefoxDriver
selenide.url: https://www.musto.com/womens-glemsford-polartec®-fleece-gilet/CS2320.html?dwvar_CS2320_color=BRDX&amp;cgid=womens-gilets#start=3
Capabilities [{moz:profile=C:\Users\O80E2~1.ZHM\AppData\Local\Temp\rust_mozprofile.zYfIyWJzrqUf, rotatable=false, timeouts={implicit=0.0, pageLoad=300000.0, script=30000.0}, pageLoadStrategy=normal, platform=ANY, specificationLevel=0.0, moz:accessibilityChecks=false, acceptInsecureCerts=false, browserVersion=55.0.3, platformVersion=10.0, moz:processID=14124.0, browserName=firefox, javascriptEnabled=true, platformName=windows_nt}]
selenide.baseUrl: http://localhost:8080
Session ID: 7f90d979-d052-4b7f-bc2f-d7caac204147" type="org.openqa.selenium.WebDriverException">org.openqa.selenium.WebDriverException: Failed to decode response from marionette
Build info: version: &apos;3.4.0&apos;, revision: &apos;unknown&apos;, time: &apos;unknown&apos;
System info: host: &apos;OZHMURKO-NB&apos;, ip: &apos;192.168.183.1&apos;, os.name: &apos;Windows 10&apos;, os.arch: &apos;amd64&apos;, os.version: &apos;10.0&apos;, java.version: &apos;1.8.0_121&apos;
Driver info: org.openqa.selenium.firefox.FirefoxDriver
selenide.url: https://www.musto.com/womens-glemsford-polartec®-fleece-gilet/CS2320.html?dwvar_CS2320_color=BRDX&amp;cgid=womens-gilets#start=3
Capabilities [{moz:profile=C:\Users\O80E2~1.ZHM\AppData\Local\Temp\rust_mozprofile.zYfIyWJzrqUf, rotatable=false, timeouts={implicit=0.0, pageLoad=300000.0, script=30000.0}, pageLoadStrategy=normal, platform=ANY, specificationLevel=0.0, moz:accessibilityChecks=false, acceptInsecureCerts=false, browserVersion=55.0.3, platformVersion=10.0, moz:processID=14124.0, browserName=firefox, javascriptEnabled=true, platformName=windows_nt}]
selenide.baseUrl: http://localhost:8080
Session ID: 7f90d979-d052-4b7f-bc2f-d7caac204147
	at sun.reflect.NativeConstructorAccessorImpl.newInstance0(Native Method)
	at sun.reflect.NativeConstructorAccessorImpl.newInstance(NativeConstructorAccessorImpl.java:62)
	at sun.reflect.DelegatingConstructorAccessorImpl.newInstance(DelegatingConstructorAccessorImpl.java:45)
	at java.lang.reflect.Constructor.newInstance(Constructor.java:423)
	at org.openqa.selenium.remote.http.W3CHttpResponseCodec.createException(W3CHttpResponseCodec.java:150)
	at org.openqa.selenium.remote.http.W3CHttpResponseCodec.decode(W3CHttpResponseCodec.java:115)
	at org.openqa.selenium.remote.http.W3CHttpResponseCodec.decode(W3CHttpResponseCodec.java:45)
	at org.openqa.selenium.remote.HttpCommandExecutor.execute(HttpCommandExecutor.java:164)
	at org.openqa.selenium.remote.service.DriverCommandExecutor.execute(DriverCommandExecutor.java:82)
	at org.openqa.selenium.remote.RemoteWebDriver.execute(RemoteWebDriver.java:637)
	at org.openqa.selenium.remote.RemoteWebDriver.get(RemoteWebDriver.java:364)
	at org.openqa.selenium.remote.RemoteWebDriver$RemoteNavigation.to(RemoteWebDriver.java:945)
	at com.codeborne.selenide.impl.Navigator.navigateToAbsoluteUrl(Navigator.java:70)
	at com.codeborne.selenide.impl.Navigator.open(Navigator.java:32)
	at com.codeborne.selenide.Selenide.open(Selenide.java:79)
	at com.codeborne.selenide.Selenide.open(Selenide.java:53)
	at main.pages.PDPage.openPDP(PDPage.java:19)
	at test.java.AddToCartTest.variationAddtoCart(AddToCartTest.java:13)
	at sun.reflect.NativeMethodAccessorImpl.invoke0(Native Method)
	at sun.reflect.NativeMethodAccessorImpl.invoke(NativeMethodAccessorImpl.java:62)
	at sun.reflect.DelegatingMethodAccessorImpl.invoke(DelegatingMethodAccessorImpl.java:43)
	at java.lang.reflect.Method.invoke(Method.java:498)
	at org.junit.runners.model.FrameworkMethod$1.runReflectiveCall(FrameworkMethod.java:50)
	at org.junit.internal.runners.model.ReflectiveCallable.run(ReflectiveCallable.java:12)
	at org.junit.runners.model.FrameworkMethod.invokeExplosively(FrameworkMethod.java:47)
	at org.junit.internal.runners.statements.InvokeMethod.evaluate(InvokeMethod.java:17)
	at org.junit.runners.ParentRunner.runLeaf(ParentRunner.java:325)
	at org.junit.runners.BlockJUnit4ClassRunner.runChild(BlockJUnit4ClassRunner.java:78)
	at org.junit.runners.BlockJUnit4ClassRunner.runChild(BlockJUnit4ClassRunner.java:57)
	at org.junit.runners.ParentRunner$3.run(ParentRunner.java:290)
	at org.junit.runners.ParentRunner$1.schedule(ParentRunner.java:71)
	at org.junit.runners.ParentRunner.runChildren(ParentRunner.java:288)
	at org.junit.runners.ParentRunner.access$000(ParentRunner.java:58)
	at org.junit.runners.ParentRunner$2.evaluate(ParentRunner.java:268)
	at org.junit.runners.ParentRunner.run(ParentRunner.java:363)
	at org.apache.maven.surefire.junit4.JUnit4Provider.execute(JUnit4Provider.java:252)
	at org.apache.maven.surefire.junit4.JUnit4Provider.executeTestSet(JUnit4Provider.java:141)
	at org.apache.maven.surefire.junit4.JUnit4Provider.invoke(JUnit4Provider.java:112)
	at sun.reflect.NativeMethodAccessorImpl.invoke0(Native Method)
	at sun.reflect.NativeMethodAccessorImpl.invoke(NativeMethodAccessorImpl.java:62)
	at sun.reflect.DelegatingMethodAccessorImpl.invoke(DelegatingMethodAccessorImpl.java:43)
	at java.lang.reflect.Method.invoke(Method.java:498)
	at org.apache.maven.surefire.util.ReflectionUtils.invokeMethodWithArray(ReflectionUtils.java:189)
	at org.apache.maven.surefire.booter.ProviderFactory$ProviderProxy.invoke(ProviderFactory.java:165)
	at org.apache.maven.surefire.booter.ProviderFactory.invokeProvider(ProviderFactory.java:85)
	at org.apache.maven.surefire.booter.ForkedBooter.runSuitesInProcess(ForkedBooter.java:115)
	at org.apache.maven.surefire.booter.ForkedBooter.main(ForkedBooter.java:75)
</error>
    <system-err>SLF4J: Failed to load class &quot;org.slf4j.impl.StaticLoggerBinder&quot;.
SLF4J: Defaulting to no-operation (NOP) logger implementation
SLF4J: See http://www.slf4j.org/codes.html#StaticLoggerBinder for further details.
1504648741632	geckodriver	INFO	geckodriver 0.18.0
1504648741639	geckodriver	INFO	Listening on 127.0.0.1:25546
1504648741919	geckodriver::marionette	INFO	Starting browser C:\Program Files (x86)\Mozilla Firefox\firefox.exe with args [&quot;-marionette&quot;]
1504648742486	addons.manager	DEBUG	Application has been upgraded
1504648742516	addons.manager	DEBUG	Loaded provider scope for resource://gre/modules/addons/XPIProvider.jsm: [&quot;XPIProvider&quot;, &quot;XPIInternal&quot;]
1504648742523	addons.manager	DEBUG	Loaded provider scope for resource://gre/modules/LightweightThemeManager.jsm: [&quot;LightweightThemeManager&quot;]
1504648742560	addons.manager	DEBUG	Loaded provider scope for resource://gre/modules/addons/GMPProvider.jsm
1504648742564	addons.manager	DEBUG	Loaded provider scope for resource://gre/modules/addons/PluginProvider.jsm
1504648742565	addons.manager	DEBUG	Starting provider: XPIProvider
1504648742566	addons.xpi	DEBUG	startup
1504648742567	addons.xpi	INFO	SystemAddonInstallLocation directory is missing
1504648742567	addons.xpi	INFO	Removing all system add-on upgrades.
1504648742569	addons.xpi	DEBUG	checkForChanges
1504648742570	addons.xpi	WARN	Error parsing extensions state: [Exception... &quot;Component returned failure code: 0x80520012 (NS_ERROR_FILE_NOT_FOUND) [amIAddonManagerStartup.readStartupData]&quot;  nsresult: &quot;0x80520012 (NS_ERROR_FILE_NOT_FOUND)&quot;  location: &quot;JS frame :: resource://gre/modules/addons/XPIProvider.jsm :: loadExtensionState :: line 1596&quot;  data: no] Stack trace: loadExtensionState()@resource://gre/modules/addons/XPIProvider.jsm:1596 &lt; getInstallState()@resource://gre/modules/addons/XPIProvider.jsm:1631 &lt; checkForChanges()@resource://gre/modules/addons/XPIProvider.jsm:3152 &lt; startup()@resource://gre/modules/addons/XPIProvider.jsm:2246 &lt; callProvider()@resource://gre/modules/AddonManager.jsm:271 &lt; _startProvider()@resource://gre/modules/AddonManager.jsm:741 &lt; startup()@resource://gre/modules/AddonManager.jsm:908 &lt; startup()@resource://gre/modules/AddonManager.jsm:3122 &lt; observe()@jar:file:///C:/Program%20Files%20(x86)/Mozilla%20Firefox/omni.ja!/components/addonManager.js:65
1504648742573	addons.xpi	DEBUG	Loaded add-on state: ${}
1504648742579	addons.xpi	INFO	Mapping aushelper@mozilla.org to C:\Program Files (x86)\Mozilla Firefox\browser\features\aushelper@mozilla.org.xpi
1504648742579	addons.xpi	INFO	Mapping clicktoplay-rollout@mozilla.org to C:\Program Files (x86)\Mozilla Firefox\browser\features\clicktoplay-rollout@mozilla.org.xpi
1504648742580	addons.xpi	INFO	Mapping e10srollout@mozilla.org to C:\Program Files (x86)\Mozilla Firefox\browser\features\e10srollout@mozilla.org.xpi
1504648742580	addons.xpi	INFO	Mapping firefox@getpocket.com to C:\Program Files (x86)\Mozilla Firefox\browser\features\firefox@getpocket.com.xpi
1504648742580	addons.xpi	INFO	Mapping followonsearch@mozilla.com to C:\Program Files (x86)\Mozilla Firefox\browser\features\followonsearch@mozilla.com.xpi
1504648742580	addons.xpi	INFO	Mapping screenshots@mozilla.org to C:\Program Files (x86)\Mozilla Firefox\browser\features\screenshots@mozilla.org.xpi
1504648742581	addons.xpi	INFO	Mapping shield-recipe-client@mozilla.org to C:\Program Files (x86)\Mozilla Firefox\browser\features\shield-recipe-client@mozilla.org.xpi
1504648742582	addons.xpi	INFO	Mapping webcompat@mozilla.org to C:\Program Files (x86)\Mozilla Firefox\browser\features\webcompat@mozilla.org.xpi
1504648742594	addons.xpi	DEBUG	New add-on aushelper@mozilla.org in app-system-defaults
1504648742595	addons.xpi	INFO	Mapping aushelper@mozilla.org to C:\Program Files (x86)\Mozilla Firefox\browser\features\aushelper@mozilla.org.xpi
1504648742597	addons.xpi	DEBUG	New add-on clicktoplay-rollout@mozilla.org in app-system-defaults
1504648742597	addons.xpi	INFO	Mapping clicktoplay-rollout@mozilla.org to C:\Program Files (x86)\Mozilla Firefox\browser\features\clicktoplay-rollout@mozilla.org.xpi
1504648742598	addons.xpi	DEBUG	New add-on e10srollout@mozilla.org in app-system-defaults
1504648742598	addons.xpi	INFO	Mapping e10srollout@mozilla.org to C:\Program Files (x86)\Mozilla Firefox\browser\features\e10srollout@mozilla.org.xpi
1504648742599	addons.xpi	DEBUG	New add-on firefox@getpocket.com in app-system-defaults
1504648742599	addons.xpi	INFO	Mapping firefox@getpocket.com to C:\Program Files (x86)\Mozilla Firefox\browser\features\firefox@getpocket.com.xpi
1504648742600	addons.xpi	DEBUG	New add-on followonsearch@mozilla.com in app-system-defaults
1504648742600	addons.xpi	INFO	Mapping followonsearch@mozilla.com to C:\Program Files (x86)\Mozilla Firefox\browser\features\followonsearch@mozilla.com.xpi
1504648742602	addons.xpi	DEBUG	New add-on screenshots@mozilla.org in app-system-defaults
1504648742602	addons.xpi	INFO	Mapping screenshots@mozilla.org to C:\Program Files (x86)\Mozilla Firefox\browser\features\screenshots@mozilla.org.xpi
1504648742603	addons.xpi	DEBUG	New add-on shield-recipe-client@mozilla.org in app-system-defaults
1504648742603	addons.xpi	INFO	Mapping shield-recipe-client@mozilla.org to C:\Program Files (x86)\Mozilla Firefox\browser\features\shield-recipe-client@mozilla.org.xpi
1504648742603	addons.xpi	DEBUG	New add-on webcompat@mozilla.org in app-system-defaults
1504648742603	addons.xpi	INFO	Mapping webcompat@mozilla.org to C:\Program Files (x86)\Mozilla Firefox\browser\features\webcompat@mozilla.org.xpi
1504648742605	addons.xpi	INFO	Mapping {972ce4c6-7e08-4474-a285-3208198ce6fd} to C:\Program Files (x86)\Mozilla Firefox\browser\extensions\{972ce4c6-7e08-4474-a285-3208198ce6fd}.xpi
1504648742605	addons.xpi	DEBUG	New add-on {972ce4c6-7e08-4474-a285-3208198ce6fd} in app-global
1504648742606	addons.xpi	INFO	Mapping {972ce4c6-7e08-4474-a285-3208198ce6fd} to C:\Program Files (x86)\Mozilla Firefox\browser\extensions\{972ce4c6-7e08-4474-a285-3208198ce6fd}.xpi
1504648742607	addons.xpi	DEBUG	getInstallState changed: true, state: {}
1504648742609	addons.xpi	INFO	SystemAddonInstallLocation directory is missing
1504648742630	addons.xpi-utils	DEBUG	Opening XPI database C:\Users\O80E2~1.ZHM\AppData\Local\Temp\rust_mozprofile.zYfIyWJzrqUf\extensions.json
1504648742632	addons.xpi-utils	DEBUG	New add-on aushelper@mozilla.org installed in app-system-defaults
*** Blocklist::_loadBlocklistFromFile: blocklist is disabled
1504648742702	DeferredSave.extensions.json	DEBUG	Save changes
1504648742703	addons.xpi-utils	DEBUG	New add-on clicktoplay-rollout@mozilla.org installed in app-system-defaults
1504648742728	DeferredSave.extensions.json	DEBUG	Starting timer
1504648742731	DeferredSave.extensions.json	DEBUG	Save changes
1504648742731	addons.xpi-utils	DEBUG	New add-on e10srollout@mozilla.org installed in app-system-defaults
1504648742752	DeferredSave.extensions.json	DEBUG	Save changes
1504648742753	addons.xpi-utils	DEBUG	New add-on firefox@getpocket.com installed in app-system-defaults
1504648742780	DeferredSave.extensions.json	DEBUG	Save changes
1504648742780	addons.xpi-utils	DEBUG	New add-on followonsearch@mozilla.com installed in app-system-defaults
1504648742801	DeferredSave.extensions.json	DEBUG	Save changes
1504648742802	addons.xpi-utils	DEBUG	New add-on screenshots@mozilla.org installed in app-system-defaults
1504648742827	DeferredSave.extensions.json	DEBUG	Save changes
1504648742827	addons.xpi-utils	DEBUG	New add-on shield-recipe-client@mozilla.org installed in app-system-defaults
1504648742843	DeferredSave.extensions.json	DEBUG	Save changes
1504648742843	addons.xpi-utils	DEBUG	New add-on webcompat@mozilla.org installed in app-system-defaults
1504648742862	DeferredSave.extensions.json	DEBUG	Save changes
1504648742862	addons.xpi-utils	DEBUG	New add-on {972ce4c6-7e08-4474-a285-3208198ce6fd} installed in app-global
1504648742871	DeferredSave.extensions.json	DEBUG	Save changes
1504648742872	addons.manager	DEBUG	Registering startup change &apos;installed&apos; for aushelper@mozilla.org
1504648742882	addons.xpi	DEBUG	Loading bootstrap scope from C:\Program Files (x86)\Mozilla Firefox\browser\features\aushelper@mozilla.org.xpi
1504648742885	addons.xpi	DEBUG	Calling bootstrap method install on aushelper@mozilla.org version 2.0
1504648742885	addons.xpi-utils	DEBUG	Make addon app-system-defaults:aushelper@mozilla.org visible
1504648742885	addons.xpi	DEBUG	Updating XPIState for {&quot;id&quot;:&quot;aushelper@mozilla.org&quot;,&quot;syncGUID&quot;:&quot;{97e2a059-121b-4867-8455-3500b48da489}&quot;,&quot;location&quot;:&quot;app-system-defaults&quot;,&quot;version&quot;:&quot;2.0&quot;,&quot;type&quot;:&quot;extension&quot;,&quot;internalName&quot;:null,&quot;updateURL&quot;:null,&quot;updateKey&quot;:null,&quot;optionsURL&quot;:null,&quot;optionsType&quot;:null,&quot;aboutURL&quot;:null,&quot;defaultLocale&quot;:{&quot;name&quot;:&quot;Application Update Service Helper&quot;,&quot;description&quot;:&quot;Sets value(s) in the update url based on custom checks.&quot;,&quot;creator&quot;:null,&quot;homepageURL&quot;:null},&quot;visible&quot;:true,&quot;active&quot;:false,&quot;userDisabled&quot;:false,&quot;appDisabled&quot;:false,&quot;installDate&quot;:1504284424001,&quot;updateDate&quot;:1504284424001,&quot;applyBackgroundUpdates&quot;:1,&quot;bootstrap&quot;:true,&quot;path&quot;:&quot;C:\\Program Files (x86)\\Mozilla Firefox\\browser\\features\\aushelper@mozilla.org.xpi&quot;,&quot;skinnable&quot;:false,&quot;size&quot;:8488,&quot;sourceURI&quot;:null,&quot;releaseNotesURI&quot;:null,&quot;softDisabled&quot;:false,&quot;foreignInstall&quot;:false,&quot;hasBinaryComponents&quot;:false,&quot;strictCompatibility&quot;:false,&quot;locales&quot;:[],&quot;targetApplications&quot;:[{&quot;id&quot;:&quot;{ec8030f7-c20a-464f-9b0e-13a3a9e97384}&quot;,&quot;minVersion&quot;:&quot;55.0.3&quot;,&quot;maxVersion&quot;:&quot;55.*&quot;}],&quot;targetPlatforms&quot;:[],&quot;multiprocessCompatible&quot;:true,&quot;seen&quot;:true,&quot;dependencies&quot;:[],&quot;hasEmbeddedWebExtension&quot;:false,&quot;mpcOptedOut&quot;:false,&quot;userPermissions&quot;:null,&quot;icons&quot;:{},&quot;iconURL&quot;:null,&quot;icon64URL&quot;:null}
1504648742891	DeferredSave.extensions.json	DEBUG	Save changes
1504648742891	addons.manager	DEBUG	Registering startup change &apos;installed&apos; for clicktoplay-rollout@mozilla.org
1504648742893	addons.xpi	DEBUG	Loading bootstrap scope from C:\Program Files (x86)\Mozilla Firefox\browser\features\clicktoplay-rollout@mozilla.org.xpi
1504648742905	addons.xpi	DEBUG	Calling bootstrap method install on clicktoplay-rollout@mozilla.org version 1.2
1504648742906	addons.xpi-utils	DEBUG	Make addon app-system-defaults:clicktoplay-rollout@mozilla.org visible
1504648742907	addons.xpi	DEBUG	Updating XPIState for {&quot;id&quot;:&quot;clicktoplay-rollout@mozilla.org&quot;,&quot;syncGUID&quot;:&quot;{9bc1abf2-8861-4071-b5d5-7d10b90fa542}&quot;,&quot;location&quot;:&quot;app-system-defaults&quot;,&quot;version&quot;:&quot;1.2&quot;,&quot;type&quot;:&quot;extension&quot;,&quot;internalName&quot;:null,&quot;updateURL&quot;:null,&quot;updateKey&quot;:null,&quot;optionsURL&quot;:null,&quot;optionsType&quot;:null,&quot;aboutURL&quot;:null,&quot;defaultLocale&quot;:{&quot;name&quot;:&quot;Click-to-Play staged rollout&quot;,&quot;description&quot;:&quot;Staged rollout for Click-to-Play Flash.&quot;,&quot;creator&quot;:null,&quot;homepageURL&quot;:null},&quot;visible&quot;:true,&quot;active&quot;:false,&quot;userDisabled&quot;:false,&quot;appDisabled&quot;:false,&quot;installDate&quot;:1504284424182,&quot;updateDate&quot;:1504284424182,&quot;applyBackgroundUpdates&quot;:1,&quot;bootstrap&quot;:true,&quot;path&quot;:&quot;C:\\Program Files (x86)\\Mozilla Firefox\\browser\\features\\clicktoplay-rollout@mozilla.org.xpi&quot;,&quot;skinnable&quot;:false,&quot;size&quot;:5621,&quot;sourceURI&quot;:null,&quot;releaseNotesURI&quot;:null,&quot;softDisabled&quot;:false,&quot;foreignInstall&quot;:false,&quot;hasBinaryComponents&quot;:false,&quot;strictCompatibility&quot;:false,&quot;locales&quot;:[],&quot;targetApplications&quot;:[{&quot;id&quot;:&quot;{ec8030f7-c20a-464f-9b0e-13a3a9e97384}&quot;,&quot;minVersion&quot;:&quot;55.0.3&quot;,&quot;maxVersion&quot;:&quot;55.*&quot;}],&quot;targetPlatforms&quot;:[],&quot;multiprocessCompatible&quot;:true,&quot;seen&quot;:true,&quot;dependencies&quot;:[],&quot;hasEmbeddedWebExtension&quot;:false,&quot;mpcOptedOut&quot;:false,&quot;userPermissions&quot;:null,&quot;icons&quot;:{},&quot;iconURL&quot;:null,&quot;icon64URL&quot;:null}
1504648742908	DeferredSave.extensions.json	DEBUG	Save changes
1504648742908	addons.manager	DEBUG	Registering startup change &apos;installed&apos; for e10srollout@mozilla.org
1504648742909	addons.xpi	DEBUG	Loading bootstrap scope from C:\Program Files (x86)\Mozilla Firefox\browser\features\e10srollout@mozilla.org.xpi
1504648742912	addons.xpi	DEBUG	Calling bootstrap method install on e10srollout@mozilla.org version 2.0
1504648742914	addons.xpi-utils	DEBUG	Make addon app-system-defaults:e10srollout@mozilla.org visible
1504648742914	addons.xpi	DEBUG	Updating XPIState for {&quot;id&quot;:&quot;e10srollout@mozilla.org&quot;,&quot;syncGUID&quot;:&quot;{35476d72-89a6-4de2-b067-20a7e33be579}&quot;,&quot;location&quot;:&quot;app-system-defaults&quot;,&quot;version&quot;:&quot;2.0&quot;,&quot;type&quot;:&quot;extension&quot;,&quot;internalName&quot;:null,&quot;updateURL&quot;:null,&quot;updateKey&quot;:null,&quot;optionsURL&quot;:null,&quot;optionsType&quot;:null,&quot;aboutURL&quot;:null,&quot;defaultLocale&quot;:{&quot;name&quot;:&quot;Multi-process staged rollout&quot;,&quot;description&quot;:&quot;Staged rollout of Firefox multi-process feature.&quot;,&quot;creator&quot;:null,&quot;homepageURL&quot;:null},&quot;visible&quot;:true,&quot;active&quot;:false,&quot;userDisabled&quot;:false,&quot;appDisabled&quot;:false,&quot;installDate&quot;:1504284423992,&quot;updateDate&quot;:1504284423992,&quot;applyBackgroundUpdates&quot;:1,&quot;bootstrap&quot;:true,&quot;path&quot;:&quot;C:\\Program Files (x86)\\Mozilla Firefox\\browser\\features\\e10srollout@mozilla.org.xpi&quot;,&quot;skinnable&quot;:false,&quot;size&quot;:13287,&quot;sourceURI&quot;:null,&quot;releaseNotesURI&quot;:null,&quot;softDisabled&quot;:false,&quot;foreignInstall&quot;:false,&quot;hasBinaryComponents&quot;:false,&quot;strictCompatibility&quot;:false,&quot;locales&quot;:[],&quot;targetApplications&quot;:[{&quot;id&quot;:&quot;{ec8030f7-c20a-464f-9b0e-13a3a9e97384}&quot;,&quot;minVersion&quot;:&quot;55.0.3&quot;,&quot;maxVersion&quot;:&quot;55.*&quot;}],&quot;targetPlatforms&quot;:[],&quot;multiprocessCompatible&quot;:true,&quot;seen&quot;:true,&quot;dependencies&quot;:[],&quot;hasEmbeddedWebExtension&quot;:false,&quot;mpcOptedOut&quot;:false,&quot;userPermissions&quot;:null,&quot;icons&quot;:{},&quot;iconURL&quot;:null,&quot;icon64URL&quot;:null}
1504648742915	DeferredSave.extensions.json	DEBUG	Save changes
1504648742915	addons.manager	DEBUG	Registering startup change &apos;installed&apos; for firefox@getpocket.com
1504648742916	addons.xpi	DEBUG	Loading bootstrap scope from C:\Program Files (x86)\Mozilla Firefox\browser\features\firefox@getpocket.com.xpi
1504648742927	addons.xpi	DEBUG	Calling bootstrap method install on firefox@getpocket.com version 1.0.5
1504648742927	addons.xpi-utils	DEBUG	Make addon app-system-defaults:firefox@getpocket.com visible
1504648742929	addons.xpi	DEBUG	Updating XPIState for {&quot;id&quot;:&quot;firefox@getpocket.com&quot;,&quot;syncGUID&quot;:&quot;{98c1521d-38ec-46e3-b56e-ea692a10098e}&quot;,&quot;location&quot;:&quot;app-system-defaults&quot;,&quot;version&quot;:&quot;1.0.5&quot;,&quot;type&quot;:&quot;extension&quot;,&quot;internalName&quot;:null,&quot;updateURL&quot;:null,&quot;updateKey&quot;:null,&quot;optionsURL&quot;:null,&quot;optionsType&quot;:null,&quot;aboutURL&quot;:null,&quot;defaultLocale&quot;:{&quot;name&quot;:&quot;Pocket&quot;,&quot;description&quot;:&quot;When you find something you want to view later, put it in Pocket.&quot;,&quot;creator&quot;:null,&quot;homepageURL&quot;:null},&quot;visible&quot;:true,&quot;active&quot;:false,&quot;userDisabled&quot;:false,&quot;appDisabled&quot;:false,&quot;installDate&quot;:1504284423983,&quot;updateDate&quot;:1504284423983,&quot;applyBackgroundUpdates&quot;:1,&quot;bootstrap&quot;:true,&quot;path&quot;:&quot;C:\\Program Files (x86)\\Mozilla Firefox\\browser\\features\\firefox@getpocket.com.xpi&quot;,&quot;skinnable&quot;:false,&quot;size&quot;:862993,&quot;sourceURI&quot;:null,&quot;releaseNotesURI&quot;:null,&quot;softDisabled&quot;:false,&quot;foreignInstall&quot;:false,&quot;hasBinaryComponents&quot;:false,&quot;strictCompatibility&quot;:false,&quot;locales&quot;:[],&quot;targetApplications&quot;:[{&quot;id&quot;:&quot;{ec8030f7-c20a-464f-9b0e-13a3a9e97384}&quot;,&quot;minVersion&quot;:&quot;55.0.3&quot;,&quot;maxVersion&quot;:&quot;55.*&quot;}],&quot;targetPlatforms&quot;:[],&quot;multiprocessCompatible&quot;:true,&quot;seen&quot;:true,&quot;dependencies&quot;:[],&quot;hasEmbeddedWebExtension&quot;:false,&quot;mpcOptedOut&quot;:false,&quot;userPermissions&quot;:null,&quot;icons&quot;:{},&quot;iconURL&quot;:null,&quot;icon64URL&quot;:null}
1504648742934	DeferredSave.extensions.json	DEBUG	Save changes
1504648742934	addons.manager	DEBUG	Registering startup change &apos;installed&apos; for followonsearch@mozilla.com
1504648742935	addons.xpi	DEBUG	Loading bootstrap scope from C:\Program Files (x86)\Mozilla Firefox\browser\features\followonsearch@mozilla.com.xpi
1504648742938	addons.xpi	DEBUG	Calling bootstrap method install on followonsearch@mozilla.com version 0.9.1
1504648742938	addons.xpi-utils	DEBUG	Make addon app-system-defaults:followonsearch@mozilla.com visible
1504648742938	addons.xpi	DEBUG	Updating XPIState for {&quot;id&quot;:&quot;followonsearch@mozilla.com&quot;,&quot;syncGUID&quot;:&quot;{717017a9-3fa1-43c9-85e6-99f9e4fcd097}&quot;,&quot;location&quot;:&quot;app-system-defaults&quot;,&quot;version&quot;:&quot;0.9.1&quot;,&quot;type&quot;:&quot;extension&quot;,&quot;internalName&quot;:null,&quot;updateURL&quot;:null,&quot;updateKey&quot;:null,&quot;optionsURL&quot;:null,&quot;optionsType&quot;:null,&quot;aboutURL&quot;:null,&quot;defaultLocale&quot;:{&quot;name&quot;:&quot;Follow-on Search Telemetry&quot;,&quot;description&quot;:null,&quot;creator&quot;:null,&quot;homepageURL&quot;:null},&quot;visible&quot;:true,&quot;active&quot;:false,&quot;userDisabled&quot;:false,&quot;appDisabled&quot;:false,&quot;installDate&quot;:1504284424181,&quot;updateDate&quot;:1504284424181,&quot;applyBackgroundUpdates&quot;:1,&quot;bootstrap&quot;:true,&quot;path&quot;:&quot;C:\\Program Files (x86)\\Mozilla Firefox\\browser\\features\\followonsearch@mozilla.com.xpi&quot;,&quot;skinnable&quot;:false,&quot;size&quot;:16730,&quot;sourceURI&quot;:null,&quot;releaseNotesURI&quot;:null,&quot;softDisabled&quot;:false,&quot;foreignInstall&quot;:false,&quot;hasBinaryComponents&quot;:false,&quot;strictCompatibility&quot;:false,&quot;locales&quot;:[],&quot;targetApplications&quot;:[{&quot;id&quot;:&quot;{ec8030f7-c20a-464f-9b0e-13a3a9e97384}&quot;,&quot;minVersion&quot;:&quot;52.0&quot;,&quot;maxVersion&quot;:&quot;59.*&quot;}],&quot;targetPlatforms&quot;:[],&quot;multiprocessCompatible&quot;:true,&quot;seen&quot;:true,&quot;dependencies&quot;:[],&quot;hasEmbeddedWebExtension&quot;:false,&quot;mpcOptedOut&quot;:false,&quot;userPermissions&quot;:null,&quot;icons&quot;:{},&quot;iconURL&quot;:null,&quot;icon64URL&quot;:null}
1504648742939	DeferredSave.extensions.json	DEBUG	Save changes
1504648742940	addons.manager	DEBUG	Registering startup change &apos;installed&apos; for screenshots@mozilla.org
1504648742941	addons.xpi	DEBUG	Loading bootstrap scope from C:\Program Files (x86)\Mozilla Firefox\browser\features\screenshots@mozilla.org.xpi
1504648742948	addons.xpi	DEBUG	Calling bootstrap method install on screenshots@mozilla.org version 10.12.0
1504648742948	addons.xpi-utils	DEBUG	Make addon app-system-defaults:screenshots@mozilla.org visible
1504648742948	addons.xpi	DEBUG	Updating XPIState for {&quot;id&quot;:&quot;screenshots@mozilla.org&quot;,&quot;syncGUID&quot;:&quot;{c482ad72-d291-47d3-a356-7f557fed30b9}&quot;,&quot;location&quot;:&quot;app-system-defaults&quot;,&quot;version&quot;:&quot;10.12.0&quot;,&quot;type&quot;:&quot;extension&quot;,&quot;internalName&quot;:null,&quot;updateURL&quot;:null,&quot;updateKey&quot;:null,&quot;optionsURL&quot;:null,&quot;optionsType&quot;:null,&quot;aboutURL&quot;:null,&quot;defaultLocale&quot;:{&quot;name&quot;:&quot;Firefox Screenshots&quot;,&quot;description&quot;:null,&quot;creator&quot;:null,&quot;homepageURL&quot;:&quot;https://pageshot.net/&quot;},&quot;visible&quot;:true,&quot;active&quot;:false,&quot;userDisabled&quot;:false,&quot;appDisabled&quot;:false,&quot;installDate&quot;:1504284423957,&quot;updateDate&quot;:1504284423957,&quot;applyBackgroundUpdates&quot;:1,&quot;bootstrap&quot;:true,&quot;path&quot;:&quot;C:\\Program Files (x86)\\Mozilla Firefox\\browser\\features\\screenshots@mozilla.org.xpi&quot;,&quot;skinnable&quot;:false,&quot;size&quot;:714554,&quot;sourceURI&quot;:null,&quot;releaseNotesURI&quot;:null,&quot;softDisabled&quot;:false,&quot;foreignInstall&quot;:false,&quot;hasBinaryComponents&quot;:false,&quot;strictCompatibility&quot;:false,&quot;locales&quot;:[],&quot;targetApplications&quot;:[{&quot;id&quot;:&quot;{ec8030f7-c20a-464f-9b0e-13a3a9e97384}&quot;,&quot;minVersion&quot;:&quot;51.0a1&quot;,&quot;maxVersion&quot;:&quot;*&quot;}],&quot;targetPlatforms&quot;:[],&quot;multiprocessCompatible&quot;:true,&quot;seen&quot;:true,&quot;dependencies&quot;:[],&quot;hasEmbeddedWebExtension&quot;:false,&quot;mpcOptedOut&quot;:false,&quot;userPermissions&quot;:null,&quot;icons&quot;:{},&quot;iconURL&quot;:null,&quot;icon64URL&quot;:null}
1504648742949	DeferredSave.extensions.json	DEBUG	Save changes
1504648742949	addons.manager	DEBUG	Registering startup change &apos;installed&apos; for shield-recipe-client@mozilla.org
1504648742949	addons.xpi	DEBUG	Loading bootstrap scope from C:\Program Files (x86)\Mozilla Firefox\browser\features\shield-recipe-client@mozilla.org.xpi
1504648742954	addons.xpi	DEBUG	Calling bootstrap method install on shield-recipe-client@mozilla.org version 55.1
1504648742954	addons.xpi-utils	DEBUG	Make addon app-system-defaults:shield-recipe-client@mozilla.org visible
1504648742955	addons.xpi	DEBUG	Updating XPIState for {&quot;id&quot;:&quot;shield-recipe-client@mozilla.org&quot;,&quot;syncGUID&quot;:&quot;{f0c9f55a-23d7-49b0-a739-24ffb8a39ca4}&quot;,&quot;location&quot;:&quot;app-system-defaults&quot;,&quot;version&quot;:&quot;55.1&quot;,&quot;type&quot;:&quot;extension&quot;,&quot;internalName&quot;:null,&quot;updateURL&quot;:null,&quot;updateKey&quot;:null,&quot;optionsURL&quot;:null,&quot;optionsType&quot;:null,&quot;aboutURL&quot;:null,&quot;defaultLocale&quot;:{&quot;name&quot;:&quot;Shield Recipe Client&quot;,&quot;description&quot;:&quot;Client to download and run recipes for SHIELD, Heartbeat, etc.&quot;,&quot;creator&quot;:null,&quot;homepageURL&quot;:null},&quot;visible&quot;:true,&quot;active&quot;:false,&quot;userDisabled&quot;:false,&quot;appDisabled&quot;:false,&quot;installDate&quot;:1504284424170,&quot;updateDate&quot;:1504284424170,&quot;applyBackgroundUpdates&quot;:1,&quot;bootstrap&quot;:true,&quot;path&quot;:&quot;C:\\Program Files (x86)\\Mozilla Firefox\\browser\\features\\shield-recipe-client@mozilla.org.xpi&quot;,&quot;skinnable&quot;:false,&quot;size&quot;:140305,&quot;sourceURI&quot;:null,&quot;releaseNotesURI&quot;:null,&quot;softDisabled&quot;:false,&quot;foreignInstall&quot;:false,&quot;hasBinaryComponents&quot;:false,&quot;strictCompatibility&quot;:false,&quot;locales&quot;:[],&quot;targetApplications&quot;:[{&quot;id&quot;:&quot;{ec8030f7-c20a-464f-9b0e-13a3a9e97384}&quot;,&quot;minVersion&quot;:&quot;55.0.3&quot;,&quot;maxVersion&quot;:&quot;55.*&quot;}],&quot;targetPlatforms&quot;:[],&quot;multiprocessCompatible&quot;:true,&quot;seen&quot;:true,&quot;dependencies&quot;:[],&quot;hasEmbeddedWebExtension&quot;:false,&quot;mpcOptedOut&quot;:false,&quot;userPermissions&quot;:null,&quot;icons&quot;:{},&quot;iconURL&quot;:null,&quot;icon64URL&quot;:null}
1504648742956	DeferredSave.extensions.json	DEBUG	Save changes
1504648742956	addons.manager	DEBUG	Registering startup change &apos;installed&apos; for webcompat@mozilla.org
1504648742958	addons.xpi	DEBUG	Loading bootstrap scope from C:\Program Files (x86)\Mozilla Firefox\browser\features\webcompat@mozilla.org.xpi
1504648742960	addons.xpi	DEBUG	Calling bootstrap method install on webcompat@mozilla.org version 1.1
1504648742960	addons.xpi-utils	DEBUG	Make addon app-system-defaults:webcompat@mozilla.org visible
1504648742961	addons.xpi	DEBUG	Updating XPIState for {&quot;id&quot;:&quot;webcompat@mozilla.org&quot;,&quot;syncGUID&quot;:&quot;{b3a6c9fd-c3d4-4626-9549-58e493f627a8}&quot;,&quot;location&quot;:&quot;app-system-defaults&quot;,&quot;version&quot;:&quot;1.1&quot;,&quot;type&quot;:&quot;extension&quot;,&quot;internalName&quot;:null,&quot;updateURL&quot;:null,&quot;updateKey&quot;:null,&quot;optionsURL&quot;:null,&quot;optionsType&quot;:null,&quot;aboutURL&quot;:null,&quot;defaultLocale&quot;:{&quot;name&quot;:&quot;Web Compat&quot;,&quot;description&quot;:&quot;Urgent post-release fixes for web compatibility.&quot;,&quot;creator&quot;:null,&quot;homepageURL&quot;:null},&quot;visible&quot;:true,&quot;active&quot;:false,&quot;userDisabled&quot;:false,&quot;appDisabled&quot;:false,&quot;installDate&quot;:1504284423920,&quot;updateDate&quot;:1504284423920,&quot;applyBackgroundUpdates&quot;:1,&quot;bootstrap&quot;:true,&quot;path&quot;:&quot;C:\\Program Files (x86)\\Mozilla Firefox\\browser\\features\\webcompat@mozilla.org.xpi&quot;,&quot;skinnable&quot;:false,&quot;size&quot;:8992,&quot;sourceURI&quot;:null,&quot;releaseNotesURI&quot;:null,&quot;softDisabled&quot;:false,&quot;foreignInstall&quot;:false,&quot;hasBinaryComponents&quot;:false,&quot;strictCompatibility&quot;:false,&quot;locales&quot;:[],&quot;targetApplications&quot;:[{&quot;id&quot;:&quot;{ec8030f7-c20a-464f-9b0e-13a3a9e97384}&quot;,&quot;minVersion&quot;:&quot;55.0.3&quot;,&quot;maxVersion&quot;:&quot;55.*&quot;}],&quot;targetPlatforms&quot;:[],&quot;multiprocessCompatible&quot;:true,&quot;seen&quot;:true,&quot;dependencies&quot;:[],&quot;hasEmbeddedWebExtension&quot;:false,&quot;mpcOptedOut&quot;:false,&quot;userPermissions&quot;:null,&quot;icons&quot;:{},&quot;iconURL&quot;:null,&quot;icon64URL&quot;:null}
1504648742961	DeferredSave.extensions.json	DEBUG	Save changes
1504648742961	addons.xpi-utils	DEBUG	Make addon app-global:{972ce4c6-7e08-4474-a285-3208198ce6fd} visible
1504648742962	addons.xpi	DEBUG	Updating XPIState for {&quot;id&quot;:&quot;{972ce4c6-7e08-4474-a285-3208198ce6fd}&quot;,&quot;syncGUID&quot;:&quot;{2ae208c1-c5a8-49e4-a1c4-0247008e14d2}&quot;,&quot;location&quot;:&quot;app-global&quot;,&quot;version&quot;:&quot;55.0.3&quot;,&quot;type&quot;:&quot;theme&quot;,&quot;internalName&quot;:&quot;classic/1.0&quot;,&quot;updateURL&quot;:null,&quot;updateKey&quot;:null,&quot;optionsURL&quot;:null,&quot;optionsType&quot;:null,&quot;optionsBrowserStyle&quot;:null,&quot;aboutURL&quot;:null,&quot;defaultLocale&quot;:{&quot;name&quot;:&quot;Default&quot;,&quot;description&quot;:&quot;The default theme.&quot;,&quot;creator&quot;:&quot;Mozilla&quot;,&quot;homepageURL&quot;:null,&quot;contributors&quot;:[&quot;Mozilla Contributors&quot;]},&quot;visible&quot;:true,&quot;active&quot;:false,&quot;userDisabled&quot;:false,&quot;appDisabled&quot;:false,&quot;installDate&quot;:1504284424003,&quot;updateDate&quot;:1504284424003,&quot;applyBackgroundUpdates&quot;:1,&quot;path&quot;:&quot;C:\\Program Files (x86)\\Mozilla Firefox\\browser\\extensions\\{972ce4c6-7e08-4474-a285-3208198ce6fd}.xpi&quot;,&quot;skinnable&quot;:true,&quot;size&quot;:7559,&quot;sourceURI&quot;:null,&quot;releaseNotesURI&quot;:null,&quot;softDisabled&quot;:false,&quot;foreignInstall&quot;:false,&quot;hasBinaryComponents&quot;:false,&quot;strictCompatibility&quot;:true,&quot;locales&quot;:[],&quot;targetApplications&quot;:[{&quot;id&quot;:&quot;{ec8030f7-c20a-464f-9b0e-13a3a9e97384}&quot;,&quot;minVersion&quot;:&quot;55.0.3&quot;,&quot;maxVersion&quot;:&quot;55.0.3&quot;}],&quot;targetPlatforms&quot;:[],&quot;seen&quot;:true,&quot;dependencies&quot;:[],&quot;hasEmbeddedWebExtension&quot;:false,&quot;userPermissions&quot;:null,&quot;icons&quot;:{},&quot;iconURL&quot;:&quot;chrome://browser/content/default-theme-icon.svg&quot;,&quot;icon64URL&quot;:null}
1504648742963	DeferredSave.extensions.json	DEBUG	Save changes
1504648742963	addons.xpi	DEBUG	Updating XPIState for {&quot;id&quot;:&quot;aushelper@mozilla.org&quot;,&quot;syncGUID&quot;:&quot;{97e2a059-121b-4867-8455-3500b48da489}&quot;,&quot;location&quot;:&quot;app-system-defaults&quot;,&quot;version&quot;:&quot;2.0&quot;,&quot;type&quot;:&quot;extension&quot;,&quot;internalName&quot;:null,&quot;updateURL&quot;:null,&quot;updateKey&quot;:null,&quot;optionsURL&quot;:null,&quot;optionsType&quot;:null,&quot;aboutURL&quot;:null,&quot;defaultLocale&quot;:{&quot;name&quot;:&quot;Application Update Service Helper&quot;,&quot;description&quot;:&quot;Sets value(s) in the update url based on custom checks.&quot;,&quot;creator&quot;:null,&quot;homepageURL&quot;:null},&quot;visible&quot;:true,&quot;active&quot;:true,&quot;userDisabled&quot;:false,&quot;appDisabled&quot;:false,&quot;installDate&quot;:1504284424001,&quot;updateDate&quot;:1504284424001,&quot;applyBackgroundUpdates&quot;:1,&quot;bootstrap&quot;:true,&quot;path&quot;:&quot;C:\\Program Files (x86)\\Mozilla Firefox\\browser\\features\\aushelper@mozilla.org.xpi&quot;,&quot;skinnable&quot;:false,&quot;size&quot;:8488,&quot;sourceURI&quot;:null,&quot;releaseNotesURI&quot;:null,&quot;softDisabled&quot;:false,&quot;foreignInstall&quot;:false,&quot;hasBinaryComponents&quot;:false,&quot;strictCompatibility&quot;:false,&quot;locales&quot;:[],&quot;targetApplications&quot;:[{&quot;id&quot;:&quot;{ec8030f7-c20a-464f-9b0e-13a3a9e97384}&quot;,&quot;minVersion&quot;:&quot;55.0.3&quot;,&quot;maxVersion&quot;:&quot;55.*&quot;}],&quot;targetPlatforms&quot;:[],&quot;multiprocessCompatible&quot;:true,&quot;seen&quot;:true,&quot;dependencies&quot;:[],&quot;hasEmbeddedWebExtension&quot;:false,&quot;mpcOptedOut&quot;:false,&quot;userPermissions&quot;:null,&quot;icons&quot;:{},&quot;iconURL&quot;:null,&quot;icon64URL&quot;:null}
1504648742967	addons.xpi	DEBUG	Updating XPIState for {&quot;id&quot;:&quot;clicktoplay-rollout@mozilla.org&quot;,&quot;syncGUID&quot;:&quot;{9bc1abf2-8861-4071-b5d5-7d10b90fa542}&quot;,&quot;location&quot;:&quot;app-system-defaults&quot;,&quot;version&quot;:&quot;1.2&quot;,&quot;type&quot;:&quot;extension&quot;,&quot;internalName&quot;:null,&quot;updateURL&quot;:null,&quot;updateKey&quot;:null,&quot;optionsURL&quot;:null,&quot;optionsType&quot;:null,&quot;aboutURL&quot;:null,&quot;defaultLocale&quot;:{&quot;name&quot;:&quot;Click-to-Play staged rollout&quot;,&quot;description&quot;:&quot;Staged rollout for Click-to-Play Flash.&quot;,&quot;creator&quot;:null,&quot;homepageURL&quot;:null},&quot;visible&quot;:true,&quot;active&quot;:true,&quot;userDisabled&quot;:false,&quot;appDisabled&quot;:false,&quot;installDate&quot;:1504284424182,&quot;updateDate&quot;:1504284424182,&quot;applyBackgroundUpdates&quot;:1,&quot;bootstrap&quot;:true,&quot;path&quot;:&quot;C:\\Program Files (x86)\\Mozilla Firefox\\browser\\features\\clicktoplay-rollout@mozilla.org.xpi&quot;,&quot;skinnable&quot;:false,&quot;size&quot;:5621,&quot;sourceURI&quot;:null,&quot;releaseNotesURI&quot;:null,&quot;softDisabled&quot;:false,&quot;foreignInstall&quot;:false,&quot;hasBinaryComponents&quot;:false,&quot;strictCompatibility&quot;:false,&quot;locales&quot;:[],&quot;targetApplications&quot;:[{&quot;id&quot;:&quot;{ec8030f7-c20a-464f-9b0e-13a3a9e97384}&quot;,&quot;minVersion&quot;:&quot;55.0.3&quot;,&quot;maxVersion&quot;:&quot;55.*&quot;}],&quot;targetPlatforms&quot;:[],&quot;multiprocessCompatible&quot;:true,&quot;seen&quot;:true,&quot;dependencies&quot;:[],&quot;hasEmbeddedWebExtension&quot;:false,&quot;mpcOptedOut&quot;:false,&quot;userPermissions&quot;:null,&quot;icons&quot;:{},&quot;iconURL&quot;:null,&quot;icon64URL&quot;:null}
1504648742967	addons.xpi	DEBUG	Updating XPIState for {&quot;id&quot;:&quot;e10srollout@mozilla.org&quot;,&quot;syncGUID&quot;:&quot;{35476d72-89a6-4de2-b067-20a7e33be579}&quot;,&quot;location&quot;:&quot;app-system-defaults&quot;,&quot;version&quot;:&quot;2.0&quot;,&quot;type&quot;:&quot;extension&quot;,&quot;internalName&quot;:null,&quot;updateURL&quot;:null,&quot;updateKey&quot;:null,&quot;optionsURL&quot;:null,&quot;optionsType&quot;:null,&quot;aboutURL&quot;:null,&quot;defaultLocale&quot;:{&quot;name&quot;:&quot;Multi-process staged rollout&quot;,&quot;description&quot;:&quot;Staged rollout of Firefox multi-process feature.&quot;,&quot;creator&quot;:null,&quot;homepageURL&quot;:null},&quot;visible&quot;:true,&quot;active&quot;:true,&quot;userDisabled&quot;:false,&quot;appDisabled&quot;:false,&quot;installDate&quot;:1504284423992,&quot;updateDate&quot;:1504284423992,&quot;applyBackgroundUpdates&quot;:1,&quot;bootstrap&quot;:true,&quot;path&quot;:&quot;C:\\Program Files (x86)\\Mozilla Firefox\\browser\\features\\e10srollout@mozilla.org.xpi&quot;,&quot;skinnable&quot;:false,&quot;size&quot;:13287,&quot;sourceURI&quot;:null,&quot;releaseNotesURI&quot;:null,&quot;softDisabled&quot;:false,&quot;foreignInstall&quot;:false,&quot;hasBinaryComponents&quot;:false,&quot;strictCompatibility&quot;:false,&quot;locales&quot;:[],&quot;targetApplications&quot;:[{&quot;id&quot;:&quot;{ec8030f7-c20a-464f-9b0e-13a3a9e97384}&quot;,&quot;minVersion&quot;:&quot;55.0.3&quot;,&quot;maxVersion&quot;:&quot;55.*&quot;}],&quot;targetPlatforms&quot;:[],&quot;multiprocessCompatible&quot;:true,&quot;seen&quot;:true,&quot;dependencies&quot;:[],&quot;hasEmbeddedWebExtension&quot;:false,&quot;mpcOptedOut&quot;:false,&quot;userPermissions&quot;:null,&quot;icons&quot;:{},&quot;iconURL&quot;:null,&quot;icon64URL&quot;:null}
1504648742967	addons.xpi	DEBUG	Updating XPIState for {&quot;id&quot;:&quot;firefox@getpocket.com&quot;,&quot;syncGUID&quot;:&quot;{98c1521d-38ec-46e3-b56e-ea692a10098e}&quot;,&quot;location&quot;:&quot;app-system-defaults&quot;,&quot;version&quot;:&quot;1.0.5&quot;,&quot;type&quot;:&quot;extension&quot;,&quot;internalName&quot;:null,&quot;updateURL&quot;:null,&quot;updateKey&quot;:null,&quot;optionsURL&quot;:null,&quot;optionsType&quot;:null,&quot;aboutURL&quot;:null,&quot;defaultLocale&quot;:{&quot;name&quot;:&quot;Pocket&quot;,&quot;description&quot;:&quot;When you find something you want to view later, put it in Pocket.&quot;,&quot;creator&quot;:null,&quot;homepageURL&quot;:null},&quot;visible&quot;:true,&quot;active&quot;:true,&quot;userDisabled&quot;:false,&quot;appDisabled&quot;:false,&quot;installDate&quot;:1504284423983,&quot;updateDate&quot;:1504284423983,&quot;applyBackgroundUpdates&quot;:1,&quot;bootstrap&quot;:true,&quot;path&quot;:&quot;C:\\Program Files (x86)\\Mozilla Firefox\\browser\\features\\firefox@getpocket.com.xpi&quot;,&quot;skinnable&quot;:false,&quot;size&quot;:862993,&quot;sourceURI&quot;:null,&quot;releaseNotesURI&quot;:null,&quot;softDisabled&quot;:false,&quot;foreignInstall&quot;:false,&quot;hasBinaryComponents&quot;:false,&quot;strictCompatibility&quot;:false,&quot;locales&quot;:[],&quot;targetApplications&quot;:[{&quot;id&quot;:&quot;{ec8030f7-c20a-464f-9b0e-13a3a9e97384}&quot;,&quot;minVersion&quot;:&quot;55.0.3&quot;,&quot;maxVersion&quot;:&quot;55.*&quot;}],&quot;targetPlatforms&quot;:[],&quot;multiprocessCompatible&quot;:true,&quot;seen&quot;:true,&quot;dependencies&quot;:[],&quot;hasEmbeddedWebExtension&quot;:false,&quot;mpcOptedOut&quot;:false,&quot;userPermissions&quot;:null,&quot;icons&quot;:{},&quot;iconURL&quot;:null,&quot;icon64URL&quot;:null}
1504648742968	addons.xpi	DEBUG	Updating XPIState for {&quot;id&quot;:&quot;followonsearch@mozilla.com&quot;,&quot;syncGUID&quot;:&quot;{717017a9-3fa1-43c9-85e6-99f9e4fcd097}&quot;,&quot;location&quot;:&quot;app-system-defaults&quot;,&quot;version&quot;:&quot;0.9.1&quot;,&quot;type&quot;:&quot;extension&quot;,&quot;internalName&quot;:null,&quot;updateURL&quot;:null,&quot;updateKey&quot;:null,&quot;optionsURL&quot;:null,&quot;optionsType&quot;:null,&quot;aboutURL&quot;:null,&quot;defaultLocale&quot;:{&quot;name&quot;:&quot;Follow-on Search Telemetry&quot;,&quot;description&quot;:null,&quot;creator&quot;:null,&quot;homepageURL&quot;:null},&quot;visible&quot;:true,&quot;active&quot;:true,&quot;userDisabled&quot;:false,&quot;appDisabled&quot;:false,&quot;installDate&quot;:1504284424181,&quot;updateDate&quot;:1504284424181,&quot;applyBackgroundUpdates&quot;:1,&quot;bootstrap&quot;:true,&quot;path&quot;:&quot;C:\\Program Files (x86)\\Mozilla Firefox\\browser\\features\\followonsearch@mozilla.com.xpi&quot;,&quot;skinnable&quot;:false,&quot;size&quot;:16730,&quot;sourceURI&quot;:null,&quot;releaseNotesURI&quot;:null,&quot;softDisabled&quot;:false,&quot;foreignInstall&quot;:false,&quot;hasBinaryComponents&quot;:false,&quot;strictCompatibility&quot;:false,&quot;locales&quot;:[],&quot;targetApplications&quot;:[{&quot;id&quot;:&quot;{ec8030f7-c20a-464f-9b0e-13a3a9e97384}&quot;,&quot;minVersion&quot;:&quot;52.0&quot;,&quot;maxVersion&quot;:&quot;59.*&quot;}],&quot;targetPlatforms&quot;:[],&quot;multiprocessCompatible&quot;:true,&quot;seen&quot;:true,&quot;dependencies&quot;:[],&quot;hasEmbeddedWebExtension&quot;:false,&quot;mpcOptedOut&quot;:false,&quot;userPermissions&quot;:null,&quot;icons&quot;:{},&quot;iconURL&quot;:null,&quot;icon64URL&quot;:null}
1504648742986	addons.xpi	DEBUG	Updating XPIState for {&quot;id&quot;:&quot;screenshots@mozilla.org&quot;,&quot;syncGUID&quot;:&quot;{c482ad72-d291-47d3-a356-7f557fed30b9}&quot;,&quot;location&quot;:&quot;app-system-defaults&quot;,&quot;version&quot;:&quot;10.12.0&quot;,&quot;type&quot;:&quot;extension&quot;,&quot;internalName&quot;:null,&quot;updateURL&quot;:null,&quot;updateKey&quot;:null,&quot;optionsURL&quot;:null,&quot;optionsType&quot;:null,&quot;aboutURL&quot;:null,&quot;defaultLocale&quot;:{&quot;name&quot;:&quot;Firefox Screenshots&quot;,&quot;description&quot;:null,&quot;creator&quot;:null,&quot;homepageURL&quot;:&quot;https://pageshot.net/&quot;},&quot;visible&quot;:true,&quot;active&quot;:true,&quot;userDisabled&quot;:false,&quot;appDisabled&quot;:false,&quot;installDate&quot;:1504284423957,&quot;updateDate&quot;:1504284423957,&quot;applyBackgroundUpdates&quot;:1,&quot;bootstrap&quot;:true,&quot;path&quot;:&quot;C:\\Program Files (x86)\\Mozilla Firefox\\browser\\features\\screenshots@mozilla.org.xpi&quot;,&quot;skinnable&quot;:false,&quot;size&quot;:714554,&quot;sourceURI&quot;:null,&quot;releaseNotesURI&quot;:null,&quot;softDisabled&quot;:false,&quot;foreignInstall&quot;:false,&quot;hasBinaryComponents&quot;:false,&quot;strictCompatibility&quot;:false,&quot;locales&quot;:[],&quot;targetApplications&quot;:[{&quot;id&quot;:&quot;{ec8030f7-c20a-464f-9b0e-13a3a9e97384}&quot;,&quot;minVersion&quot;:&quot;51.0a1&quot;,&quot;maxVersion&quot;:&quot;*&quot;}],&quot;targetPlatforms&quot;:[],&quot;multiprocessCompatible&quot;:true,&quot;seen&quot;:true,&quot;dependencies&quot;:[],&quot;hasEmbeddedWebExtension&quot;:false,&quot;mpcOptedOut&quot;:false,&quot;userPermissions&quot;:null,&quot;icons&quot;:{},&quot;iconURL&quot;:null,&quot;icon64URL&quot;:null}
1504648742987	addons.xpi	DEBUG	Updating XPIState for {&quot;id&quot;:&quot;shield-recipe-client@mozilla.org&quot;,&quot;syncGUID&quot;:&quot;{f0c9f55a-23d7-49b0-a739-24ffb8a39ca4}&quot;,&quot;location&quot;:&quot;app-system-defaults&quot;,&quot;version&quot;:&quot;55.1&quot;,&quot;type&quot;:&quot;extension&quot;,&quot;internalName&quot;:null,&quot;updateURL&quot;:null,&quot;updateKey&quot;:null,&quot;optionsURL&quot;:null,&quot;optionsType&quot;:null,&quot;aboutURL&quot;:null,&quot;defaultLocale&quot;:{&quot;name&quot;:&quot;Shield Recipe Client&quot;,&quot;description&quot;:&quot;Client to download and run recipes for SHIELD, Heartbeat, etc.&quot;,&quot;creator&quot;:null,&quot;homepageURL&quot;:null},&quot;visible&quot;:true,&quot;active&quot;:true,&quot;userDisabled&quot;:false,&quot;appDisabled&quot;:false,&quot;installDate&quot;:1504284424170,&quot;updateDate&quot;:1504284424170,&quot;applyBackgroundUpdates&quot;:1,&quot;bootstrap&quot;:true,&quot;path&quot;:&quot;C:\\Program Files (x86)\\Mozilla Firefox\\browser\\features\\shield-recipe-client@mozilla.org.xpi&quot;,&quot;skinnable&quot;:false,&quot;size&quot;:140305,&quot;sourceURI&quot;:null,&quot;releaseNotesURI&quot;:null,&quot;softDisabled&quot;:false,&quot;foreignInstall&quot;:false,&quot;hasBinaryComponents&quot;:false,&quot;strictCompatibility&quot;:false,&quot;locales&quot;:[],&quot;targetApplications&quot;:[{&quot;id&quot;:&quot;{ec8030f7-c20a-464f-9b0e-13a3a9e97384}&quot;,&quot;minVersion&quot;:&quot;55.0.3&quot;,&quot;maxVersion&quot;:&quot;55.*&quot;}],&quot;targetPlatforms&quot;:[],&quot;multiprocessCompatible&quot;:true,&quot;seen&quot;:true,&quot;dependencies&quot;:[],&quot;hasEmbeddedWebExtension&quot;:false,&quot;mpcOptedOut&quot;:false,&quot;userPermissions&quot;:null,&quot;icons&quot;:{},&quot;iconURL&quot;:null,&quot;icon64URL&quot;:null}
1504648742987	addons.xpi	DEBUG	Updating XPIState for {&quot;id&quot;:&quot;webcompat@mozilla.org&quot;,&quot;syncGUID&quot;:&quot;{b3a6c9fd-c3d4-4626-9549-58e493f627a8}&quot;,&quot;location&quot;:&quot;app-system-defaults&quot;,&quot;version&quot;:&quot;1.1&quot;,&quot;type&quot;:&quot;extension&quot;,&quot;internalName&quot;:null,&quot;updateURL&quot;:null,&quot;updateKey&quot;:null,&quot;optionsURL&quot;:null,&quot;optionsType&quot;:null,&quot;aboutURL&quot;:null,&quot;defaultLocale&quot;:{&quot;name&quot;:&quot;Web Compat&quot;,&quot;description&quot;:&quot;Urgent post-release fixes for web compatibility.&quot;,&quot;creator&quot;:null,&quot;homepageURL&quot;:null},&quot;visible&quot;:true,&quot;active&quot;:true,&quot;userDisabled&quot;:false,&quot;appDisabled&quot;:false,&quot;installDate&quot;:1504284423920,&quot;updateDate&quot;:1504284423920,&quot;applyBackgroundUpdates&quot;:1,&quot;bootstrap&quot;:true,&quot;path&quot;:&quot;C:\\Program Files (x86)\\Mozilla Firefox\\browser\\features\\webcompat@mozilla.org.xpi&quot;,&quot;skinnable&quot;:false,&quot;size&quot;:8992,&quot;sourceURI&quot;:null,&quot;releaseNotesURI&quot;:null,&quot;softDisabled&quot;:false,&quot;foreignInstall&quot;:false,&quot;hasBinaryComponents&quot;:false,&quot;strictCompatibility&quot;:false,&quot;locales&quot;:[],&quot;targetApplications&quot;:[{&quot;id&quot;:&quot;{ec8030f7-c20a-464f-9b0e-13a3a9e97384}&quot;,&quot;minVersion&quot;:&quot;55.0.3&quot;,&quot;maxVersion&quot;:&quot;55.*&quot;}],&quot;targetPlatforms&quot;:[],&quot;multiprocessCompatible&quot;:true,&quot;seen&quot;:true,&quot;dependencies&quot;:[],&quot;hasEmbeddedWebExtension&quot;:false,&quot;mpcOptedOut&quot;:false,&quot;userPermissions&quot;:null,&quot;icons&quot;:{},&quot;iconURL&quot;:null,&quot;icon64URL&quot;:null}
1504648742987	addons.xpi	DEBUG	Updating XPIState for {&quot;id&quot;:&quot;{972ce4c6-7e08-4474-a285-3208198ce6fd}&quot;,&quot;syncGUID&quot;:&quot;{2ae208c1-c5a8-49e4-a1c4-0247008e14d2}&quot;,&quot;location&quot;:&quot;app-global&quot;,&quot;version&quot;:&quot;55.0.3&quot;,&quot;type&quot;:&quot;theme&quot;,&quot;internalName&quot;:&quot;classic/1.0&quot;,&quot;updateURL&quot;:null,&quot;updateKey&quot;:null,&quot;optionsURL&quot;:null,&quot;optionsType&quot;:null,&quot;optionsBrowserStyle&quot;:null,&quot;aboutURL&quot;:null,&quot;defaultLocale&quot;:{&quot;name&quot;:&quot;Default&quot;,&quot;description&quot;:&quot;The default theme.&quot;,&quot;creator&quot;:&quot;Mozilla&quot;,&quot;homepageURL&quot;:null,&quot;contributors&quot;:[&quot;Mozilla Contributors&quot;]},&quot;visible&quot;:true,&quot;active&quot;:true,&quot;userDisabled&quot;:false,&quot;appDisabled&quot;:false,&quot;installDate&quot;:1504284424003,&quot;updateDate&quot;:1504284424003,&quot;applyBackgroundUpdates&quot;:1,&quot;path&quot;:&quot;C:\\Program Files (x86)\\Mozilla Firefox\\browser\\extensions\\{972ce4c6-7e08-4474-a285-3208198ce6fd}.xpi&quot;,&quot;skinnable&quot;:true,&quot;size&quot;:7559,&quot;sourceURI&quot;:null,&quot;releaseNotesURI&quot;:null,&quot;softDisabled&quot;:false,&quot;foreignInstall&quot;:false,&quot;hasBinaryComponents&quot;:false,&quot;strictCompatibility&quot;:true,&quot;locales&quot;:[],&quot;targetApplications&quot;:[{&quot;id&quot;:&quot;{ec8030f7-c20a-464f-9b0e-13a3a9e97384}&quot;,&quot;minVersion&quot;:&quot;55.0.3&quot;,&quot;maxVersion&quot;:&quot;55.0.3&quot;}],&quot;targetPlatforms&quot;:[],&quot;seen&quot;:true,&quot;dependencies&quot;:[],&quot;hasEmbeddedWebExtension&quot;:false,&quot;userPermissions&quot;:null,&quot;icons&quot;:{},&quot;iconURL&quot;:&quot;chrome://browser/content/default-theme-icon.svg&quot;,&quot;icon64URL&quot;:null}
1504648743010	DeferredSave.extensions.json	DEBUG	Save changes
1504648743010	addons.xpi	DEBUG	Updating database with changes to installed add-ons
1504648743010	addons.xpi-utils	DEBUG	Updating add-on states
1504648743016	addons.xpi	DEBUG	Registering manifest for C:\Program Files (x86)\Mozilla Firefox\browser\features\aushelper@mozilla.org.xpi
1504648743017	addons.xpi	DEBUG	Calling bootstrap method startup on aushelper@mozilla.org version 2.0
1504648743020	addons.xpi	DEBUG	Registering manifest for C:\Program Files (x86)\Mozilla Firefox\browser\features\clicktoplay-rollout@mozilla.org.xpi
1504648743021	addons.xpi	DEBUG	Calling bootstrap method startup on clicktoplay-rollout@mozilla.org version 1.2
1504648743123	addons.xpi	DEBUG	Registering manifest for C:\Program Files (x86)\Mozilla Firefox\browser\features\e10srollout@mozilla.org.xpi
1504648743124	addons.xpi	DEBUG	Calling bootstrap method startup on e10srollout@mozilla.org version 2.0
1504648743125	addons.xpi	DEBUG	Registering manifest for C:\Program Files (x86)\Mozilla Firefox\browser\features\firefox@getpocket.com.xpi
1504648743125	addons.xpi	DEBUG	Calling bootstrap method startup on firefox@getpocket.com version 1.0.5
1504648743165	addons.xpi	DEBUG	Registering manifest for C:\Program Files (x86)\Mozilla Firefox\browser\features\followonsearch@mozilla.com.xpi
1504648743165	addons.xpi	DEBUG	Calling bootstrap method startup on followonsearch@mozilla.com version 0.9.1
1504648743166	addons.xpi	DEBUG	Registering manifest for C:\Program Files (x86)\Mozilla Firefox\browser\features\screenshots@mozilla.org.xpi
1504648743166	addons.xpi	DEBUG	Calling bootstrap method startup on screenshots@mozilla.org version 10.12.0
1504648743167	addons.xpi	DEBUG	Registering manifest for C:\Program Files (x86)\Mozilla Firefox\browser\features\shield-recipe-client@mozilla.org.xpi
1504648743167	addons.xpi	DEBUG	Calling bootstrap method startup on shield-recipe-client@mozilla.org version 55.1
1504648743180	addons.xpi	DEBUG	Registering manifest for C:\Program Files (x86)\Mozilla Firefox\browser\features\webcompat@mozilla.org.xpi
1504648743181	addons.xpi	DEBUG	Calling bootstrap method startup on webcompat@mozilla.org version 1.1
1504648743189	addons.manager	DEBUG	Registering shutdown blocker for XPIProvider
1504648743190	addons.manager	DEBUG	Provider finished startup: XPIProvider
1504648743190	addons.manager	DEBUG	Starting provider: LightweightThemeManager
1504648743190	addons.manager	DEBUG	Registering shutdown blocker for LightweightThemeManager
1504648743190	addons.manager	DEBUG	Provider finished startup: LightweightThemeManager
1504648743192	addons.manager	DEBUG	Starting provider: GMPProvider
1504648743196	addons.manager	DEBUG	Registering shutdown blocker for GMPProvider
1504648743197	addons.manager	DEBUG	Provider finished startup: GMPProvider
1504648743197	addons.manager	DEBUG	Starting provider: PluginProvider
1504648743197	addons.manager	DEBUG	Registering shutdown blocker for PluginProvider
1504648743197	addons.manager	DEBUG	Provider finished startup: PluginProvider
1504648743198	addons.manager	DEBUG	Completed startup sequence
1504648743330	Marionette	INFO	Enabled via --marionette
1504648743508	addons.manager	DEBUG	Starting provider: PreviousExperimentProvider
1504648743508	addons.manager	DEBUG	Registering shutdown blocker for PreviousExperimentProvider
1504648743508	addons.manager	DEBUG	Provider finished startup: PreviousExperimentProvider
1504648743511	DeferredSave.extensions.json	DEBUG	Starting write
1504648743723	DeferredSave.extensions.json	DEBUG	Write succeeded
1504648743724	addons.xpi-utils	DEBUG	XPI Database saved, setting schema version preference to 21
1504648744705	addons.manager	DEBUG	Starting provider: &lt;unnamed-provider&gt;
1504648744705	addons.manager	DEBUG	Registering shutdown blocker for &lt;unnamed-provider&gt;
1504648744705	addons.manager	DEBUG	Provider finished startup: &lt;unnamed-provider&gt;
1504648744708	addons.xpi	INFO	Mapping aushelper@mozilla.org to C:\Program Files (x86)\Mozilla Firefox\browser\features\aushelper@mozilla.org.xpi
1504648744709	addons.xpi	INFO	Mapping clicktoplay-rollout@mozilla.org to C:\Program Files (x86)\Mozilla Firefox\browser\features\clicktoplay-rollout@mozilla.org.xpi
1504648744709	addons.xpi	INFO	Mapping e10srollout@mozilla.org to C:\Program Files (x86)\Mozilla Firefox\browser\features\e10srollout@mozilla.org.xpi
1504648744709	addons.xpi	INFO	Mapping firefox@getpocket.com to C:\Program Files (x86)\Mozilla Firefox\browser\features\firefox@getpocket.com.xpi
1504648744710	addons.xpi	INFO	Mapping followonsearch@mozilla.com to C:\Program Files (x86)\Mozilla Firefox\browser\features\followonsearch@mozilla.com.xpi
1504648744710	addons.xpi	INFO	Mapping screenshots@mozilla.org to C:\Program Files (x86)\Mozilla Firefox\browser\features\screenshots@mozilla.org.xpi
1504648744710	addons.xpi	INFO	Mapping shield-recipe-client@mozilla.org to C:\Program Files (x86)\Mozilla Firefox\browser\features\shield-recipe-client@mozilla.org.xpi
1504648744710	addons.xpi	INFO	Mapping webcompat@mozilla.org to C:\Program Files (x86)\Mozilla Firefox\browser\features\webcompat@mozilla.org.xpi
1504648744714	addons.xpi	DEBUG	Existing add-on aushelper@mozilla.org in app-system-defaults
1504648744715	addons.xpi	DEBUG	Existing add-on clicktoplay-rollout@mozilla.org in app-system-defaults
1504648744716	addons.xpi	DEBUG	Existing add-on e10srollout@mozilla.org in app-system-defaults
1504648744716	addons.xpi	DEBUG	Existing add-on firefox@getpocket.com in app-system-defaults
1504648744717	addons.xpi	DEBUG	Existing add-on followonsearch@mozilla.com in app-system-defaults
1504648744718	addons.xpi	DEBUG	Existing add-on screenshots@mozilla.org in app-system-defaults
1504648744720	addons.xpi	DEBUG	Existing add-on shield-recipe-client@mozilla.org in app-system-defaults
1504648744721	addons.xpi	DEBUG	Existing add-on webcompat@mozilla.org in app-system-defaults
1504648744721	addons.xpi	INFO	Mapping {972ce4c6-7e08-4474-a285-3208198ce6fd} to C:\Program Files (x86)\Mozilla Firefox\browser\extensions\{972ce4c6-7e08-4474-a285-3208198ce6fd}.xpi
1504648744722	addons.xpi	DEBUG	Existing add-on {972ce4c6-7e08-4474-a285-3208198ce6fd} in app-global
1504648744723	addons.xpi	DEBUG	getInstallState changed: false, state: {}
[GPU 6532] WARNING: pipe error: 109: file c:/builds/moz2_slave/m-rel-w32-00000000000000000000/build/src/ipc/chromium/src/chrome/common/ipc_channel_win.cc, line 346
1504648744828	addons.productaddons	INFO	sending request to: https://aus5.mozilla.org/update/3/GMP/55.0.3/20170824053622/WINNT_x86-msvc-x64/en-US/release/Windows_NT%2010.0.0.0%20(x64)/default/default/update.xml
1504648744954	Marionette	INFO	Listening on port 62939
1504648744972	Marionette	INFO	Listening on port 62939
1504648745092	Marionette	DEBUG	loaded listener.js
???. 06, 2017 12:59:05 AM org.openqa.selenium.remote.ProtocolHandshake createSession
INFO: Detected dialect: W3C
???. 06, 2017 12:59:05 AM com.codeborne.selenide.webdriver.WebDriverFactory createWebDriver
INFO: BrowserName=firefox Version= Platform=ANY
???. 06, 2017 12:59:05 AM com.codeborne.selenide.webdriver.WebDriverFactory createWebDriver
INFO: Selenide v. 4.5.1
???. 06, 2017 12:59:05 AM com.codeborne.selenide.webdriver.WebDriverFactory createWebDriver
INFO: Selenium WebDriver v. 3.4.0 build time: unknown
???. 06, 2017 12:59:05 AM com.codeborne.selenide.impl.WebDriverThreadLocalContainer createDriver
INFO: Create webdriver in current thread 1: FirefoxDriver -&gt; FirefoxDriver: firefox on ANY (7f90d979-d052-4b7f-bc2f-d7caac204147)
1504648745302	Marionette	DEBUG	Received DOM event &quot;beforeunload&quot; for &quot;about:blank&quot;
1504648745630	addons.productaddons	INFO	Completed downloading document
1504648746440	addons.productaddons	INFO	downloadXHR File download. status=200
1504648746443	addons.productaddons	INFO	Downloaded file will be saved to C:\Users\O80E2~1.ZHM\AppData\Local\Temp\tmpaddon
1504648746729	Marionette	DEBUG	Received DOM event &quot;pagehide&quot; for &quot;about:blank&quot;
1504648746730	Marionette	DEBUG	Received DOM event &quot;unload&quot; for &quot;about:blank&quot;
1504648746843	Marionette	DEBUG	Received observer notification &quot;outer-window-destroyed&quot; for &quot;2147483652&quot;
1504648746868	addons.xpi	DEBUG	Calling bootstrap method shutdown on webcompat@mozilla.org version 1.1
1504648746871	addons.xpi	DEBUG	Calling bootstrap method shutdown on shield-recipe-client@mozilla.org version 55.1
1504648746884	addons.xpi	DEBUG	Calling bootstrap method shutdown on screenshots@mozilla.org version 10.12.0
1504648746885	addons.xpi	DEBUG	Calling bootstrap method shutdown on followonsearch@mozilla.com version 0.9.1
1504648746888	addons.xpi	DEBUG	Calling bootstrap method shutdown on firefox@getpocket.com version 1.0.5
1504648746893	addons.xpi	DEBUG	Calling bootstrap method shutdown on e10srollout@mozilla.org version 2.0
1504648746894	addons.xpi	DEBUG	Calling bootstrap method shutdown on clicktoplay-rollout@mozilla.org version 1.2
1504648746894	addons.xpi	DEBUG	Calling bootstrap method shutdown on aushelper@mozilla.org version 2.0
JavaScript error: resource://shield-recipe-client/lib/RecipeRunner.jsm, line 219: TypeError: log is undefined
1504648747068	addons.productaddons	WARN	Failed downloading via XHR, status: 0, reason: error
</system-err>
  </testcase>
</testsuite>