<?xml version="1.0" encoding="UTF-8" ?>
<testsuite tests="1" failures="1" name="test.java.LoginTest" time="36.668" errors="0" skipped="0">
  <properties>
[...]
</properties>
  <testcase classname="test.java.LoginTest" name="validLogin" time="36.668">
    <failure message="Element not found {.ui-dialog-titlebar-close}
Expected: visible" type="Element not found {.ui-dialog-titlebar-close}
Expected">Element not found {.ui-dialog-titlebar-close}
Expected: visible
Screenshot: file:/D:/eclipse-workspace/Test/build/reports/tests/1504640858858.1.png
Timeout: 4 s.
Caused by: NoSuchElementException: Unable to locate element: .ui-dialog-titlebar-close
	at com.codeborne.selenide.impl.WebElementSource.createElementNotFoundError(WebElementSource.java:31)
	at com.codeborne.selenide.impl.ElementFinder.createElementNotFoundError(ElementFinder.java:82)
	at com.codeborne.selenide.impl.WebElementSource.checkCondition(WebElementSource.java:59)
	at com.codeborne.selenide.impl.WebElementSource.findAndAssertElementIsVisible(WebElementSource.java:72)
	at com.codeborne.selenide.commands.Click.execute(Click.java:14)
	at com.codeborne.selenide.commands.Click.execute(Click.java:11)
	at com.codeborne.selenide.commands.Commands.execute(Commands.java:143)
	at com.codeborne.selenide.impl.SelenideElementProxy.dispatchAndRetry(SelenideElementProxy.java:87)
	at com.codeborne.selenide.impl.SelenideElementProxy.invoke(SelenideElementProxy.java:63)
	at com.sun.proxy.$Proxy4.click(Unknown Source)
	at main.pages.HomePage.openLoginPopup(HomePage.java:26)
	at test.java.LoginTest.validLogin(LoginTest.java:15)
	at sun.reflect.NativeMethodAccessorImpl.invoke0(Native Method)
	at sun.reflect.NativeMethodAccessorImpl.invoke(NativeMethodAccessorImpl.java:62)
	at sun.reflect.DelegatingMethodAccessorImpl.invoke(DelegatingMethodAccessorImpl.java:43)
	at java.lang.reflect.Method.invoke(Method.java:498)
	at org.junit.runners.model.FrameworkMethod$1.runReflectiveCall(FrameworkMethod.java:50)
	at org.junit.internal.runners.model.ReflectiveCallable.run(ReflectiveCallable.java:12)
	at org.junit.runners.model.FrameworkMethod.invokeExplosively(FrameworkMethod.java:47)
	at org.junit.internal.runners.statements.InvokeMethod.evaluate(InvokeMethod.java:17)
	at org.junit.runners.ParentRunner.runLeaf(ParentRunner.java:325)
	at org.junit.runners.BlockJUnit4ClassRunner.runChild(BlockJUnit4ClassRunner.java:78)
	at org.junit.runners.BlockJUnit4ClassRunner.runChild(BlockJUnit4ClassRunner.java:57)
	at org.junit.runners.ParentRunner$3.run(ParentRunner.java:290)
	at org.junit.runners.ParentRunner$1.schedule(ParentRunner.java:71)
	at org.junit.runners.ParentRunner.runChildren(ParentRunner.java:288)
	at org.junit.runners.ParentRunner.access$000(ParentRunner.java:58)
	at org.junit.runners.ParentRunner$2.evaluate(ParentRunner.java:268)
	at org.junit.runners.ParentRunner.run(ParentRunner.java:363)
	at org.apache.maven.surefire.junit4.JUnit4Provider.execute(JUnit4Provider.java:252)
	at org.apache.maven.surefire.junit4.JUnit4Provider.executeTestSet(JUnit4Provider.java:141)
	at org.apache.maven.surefire.junit4.JUnit4Provider.invoke(JUnit4Provider.java:112)
	at sun.reflect.NativeMethodAccessorImpl.invoke0(Native Method)
	at sun.reflect.NativeMethodAccessorImpl.invoke(NativeMethodAccessorImpl.java:62)
	at sun.reflect.DelegatingMethodAccessorImpl.invoke(DelegatingMethodAccessorImpl.java:43)
	at java.lang.reflect.Method.invoke(Method.java:498)
	at org.apache.maven.surefire.util.ReflectionUtils.invokeMethodWithArray(ReflectionUtils.java:189)
	at org.apache.maven.surefire.booter.ProviderFactory$ProviderProxy.invoke(ProviderFactory.java:165)
	at org.apache.maven.surefire.booter.ProviderFactory.invokeProvider(ProviderFactory.java:85)
	at org.apache.maven.surefire.booter.ForkedBooter.runSuitesInProcess(ForkedBooter.java:115)
	at org.apache.maven.surefire.booter.ForkedBooter.main(ForkedBooter.java:75)
Caused by: org.openqa.selenium.NoSuchElementException: Unable to locate element: .ui-dialog-titlebar-close
For documentation on this error, please visit: http://seleniumhq.org/exceptions/no_such_element.html
Build info: version: &apos;3.4.0&apos;, revision: &apos;unknown&apos;, time: &apos;unknown&apos;
System info: host: &apos;OZHMURKO-NB&apos;, ip: &apos;192.168.183.1&apos;, os.name: &apos;Windows 10&apos;, os.arch: &apos;amd64&apos;, os.version: &apos;10.0&apos;, java.version: &apos;1.8.0_121&apos;
Driver info: org.openqa.selenium.firefox.FirefoxDriver
Capabilities [{moz:profile=C:\Users\O80E2~1.ZHM\AppData\Local\Temp\rust_mozprofile.yy9ptR9AxaMM, rotatable=false, timeouts={implicit=0.0, pageLoad=300000.0, script=30000.0}, pageLoadStrategy=normal, platform=ANY, specificationLevel=0.0, moz:accessibilityChecks=false, acceptInsecureCerts=false, browserVersion=55.0.3, platformVersion=10.0, moz:processID=13176.0, browserName=firefox, javascriptEnabled=true, platformName=windows_nt}]
Session ID: 86ff532e-121b-4c1c-8ffe-39f6873b4fca
*** Element info: {Using=css selector, value=.ui-dialog-titlebar-close}
	at sun.reflect.GeneratedConstructorAccessor8.newInstance(Unknown Source)
	at sun.reflect.DelegatingConstructorAccessorImpl.newInstance(DelegatingConstructorAccessorImpl.java:45)
	at java.lang.reflect.Constructor.newInstance(Constructor.java:423)
	at org.openqa.selenium.remote.http.W3CHttpResponseCodec.createException(W3CHttpResponseCodec.java:150)
	at org.openqa.selenium.remote.http.W3CHttpResponseCodec.decode(W3CHttpResponseCodec.java:115)
	at org.openqa.selenium.remote.http.W3CHttpResponseCodec.decode(W3CHttpResponseCodec.java:45)
	at org.openqa.selenium.remote.HttpCommandExecutor.execute(HttpCommandExecutor.java:164)
	at org.openqa.selenium.remote.service.DriverCommandExecutor.execute(DriverCommandExecutor.java:82)
	at org.openqa.selenium.remote.RemoteWebDriver.execute(RemoteWebDriver.java:637)
	at org.openqa.selenium.remote.RemoteWebDriver.findElement(RemoteWebDriver.java:410)
	at org.openqa.selenium.remote.RemoteWebDriver.findElementByCssSelector(RemoteWebDriver.java:501)
	at org.openqa.selenium.By$ByCssSelector.findElement(By.java:430)
	at org.openqa.selenium.remote.RemoteWebDriver.findElement(RemoteWebDriver.java:402)
	at com.codeborne.selenide.impl.WebElementSelector.findElement(WebElementSelector.java:28)
	at com.codeborne.selenide.impl.ElementFinder.getWebElement(ElementFinder.java:56)
	at com.codeborne.selenide.impl.WebElementSource.checkCondition(WebElementSource.java:44)
	... 38 more
</failure>
    <system-err>1504640822728	Marionette	DEBUG	Received DOM event &quot;beforeunload&quot; for &quot;https://www.musto.com/en_GB/womens-glemsford-polartec%C2%AE-fleece-gilet/CS2320.html?cgid=womens-gilets&amp;dwvar_CS2320_color=BRDX#start=3&quot;
1504640850339	Marionette	DEBUG	Received DOM event &quot;pagehide&quot; for &quot;https://www.musto.com/en_GB/womens-glemsford-polartec%C2%AE-fleece-gilet/CS2320.html?cgid=womens-gilets&amp;dwvar_CS2320_color=BRDX#start=3&quot;
1504640850348	Marionette	DEBUG	Received DOM event &quot;unload&quot; for &quot;https://www.musto.com/en_GB/womens-glemsford-polartec%C2%AE-fleece-gilet/CS2320.html?cgid=womens-gilets&amp;dwvar_CS2320_color=BRDX#start=3&quot;
1504640850773	Marionette	DEBUG	Received observer notification &quot;outer-window-destroyed&quot; for &quot;2147483656&quot;
1504640850775	Marionette	DEBUG	Received observer notification &quot;outer-window-destroyed&quot; for &quot;2147483658&quot;
1504640850780	Marionette	DEBUG	Received observer notification &quot;outer-window-destroyed&quot; for &quot;2147483661&quot;
1504640850781	Marionette	DEBUG	Received observer notification &quot;outer-window-destroyed&quot; for &quot;2147483666&quot;
JavaScript error: https://services.postcodeanywhere.co.uk/js/address-3.50.min.js, line 3: SyntaxError: expected expression, got &apos;&lt;&apos;
1504640851548	Marionette	DEBUG	Received DOM event &quot;DOMContentLoaded&quot; for &quot;https://www.musto.com/en_GB/home&quot;
1504640852236	Marionette	DEBUG	Received DOM event &quot;pageshow&quot; for &quot;https://www.musto.com/en_GB/home&quot;
1504640852554	Marionette	DEBUG	Received DOM event &quot;DOMContentLoaded&quot; for &quot;https://www.musto.com/en_GB/home&quot;
1504640852558	Marionette	DEBUG	Received DOM event &quot;pageshow&quot; for &quot;https://www.musto.com/en_GB/home&quot;
1504640852631	Marionette	DEBUG	Received DOM event &quot;DOMContentLoaded&quot; for &quot;https://4884213.fls.doubleclick.net/activityi;src=4884213;type=secy20;cat=allpa0;ord=1;num=3816698835435;~oref=https%3A%2F%2Fwww.musto.com%2Fen_GB%2Fhome?&quot;
1504640852633	Marionette	DEBUG	Received DOM event &quot;pageshow&quot; for &quot;https://4884213.fls.doubleclick.net/activityi;src=4884213;type=secy20;cat=allpa0;ord=1;num=3816698835435;~oref=https%3A%2F%2Fwww.musto.com%2Fen_GB%2Fhome?&quot;
1504640852715	Marionette	DEBUG	Received DOM event &quot;DOMContentLoaded&quot; for &quot;https://config1.veinteractive.com/scripts/shared/iframeStorage-5.0.0.html?iframeid=ve-storage-iframe&amp;journeyId=1862&quot;
1504640852717	Marionette	DEBUG	Received DOM event &quot;pageshow&quot; for &quot;https://config1.veinteractive.com/scripts/shared/iframeStorage-5.0.0.html?iframeid=ve-storage-iframe&amp;journeyId=1862&quot;
1504640854710	Marionette	DEBUG	Received DOM event &quot;pageshow&quot; for &quot;https://www.musto.com/en_GB/home&quot;
</system-err>
  </testcase>
</testsuite>